[2024-12-01T02:02:55.559+0000] {processor.py:161} INFO - Started process (PID=739) to work on /opt/airflow/dags/create_table.py
[2024-12-01T02:02:55.560+0000] {processor.py:830} INFO - Processing file /opt/airflow/dags/create_table.py for tasks to queue
[2024-12-01T02:02:55.562+0000] {logging_mixin.py:188} INFO - [2024-12-01T02:02:55.562+0000] {dagbag.py:538} INFO - Filling up the DagBag from /opt/airflow/dags/create_table.py
[2024-12-01T02:02:55.641+0000] {processor.py:840} INFO - DAG(s) 'create_table' retrieved from /opt/airflow/dags/create_table.py
[2024-12-01T02:02:55.834+0000] {logging_mixin.py:188} INFO - [2024-12-01T02:02:55.833+0000] {override.py:1769} INFO - Created Permission View: can edit on DAG:create_table
[2024-12-01T02:02:55.864+0000] {logging_mixin.py:188} INFO - [2024-12-01T02:02:55.863+0000] {override.py:1769} INFO - Created Permission View: can read on DAG:create_table
[2024-12-01T02:02:55.878+0000] {logging_mixin.py:188} INFO - [2024-12-01T02:02:55.877+0000] {override.py:1769} INFO - Created Permission View: can delete on DAG:create_table
[2024-12-01T02:02:55.878+0000] {logging_mixin.py:188} INFO - [2024-12-01T02:02:55.878+0000] {dag.py:3036} INFO - Sync 1 DAGs
[2024-12-01T02:02:55.898+0000] {logging_mixin.py:188} INFO - [2024-12-01T02:02:55.898+0000] {dag.py:3058} INFO - Creating ORM DAG for create_table
[2024-12-01T02:02:55.914+0000] {logging_mixin.py:188} INFO - [2024-12-01T02:02:55.914+0000] {dag.py:3823} INFO - Setting next_dagrun for create_table to 2024-12-01 00:01:00+00:00, run_after=2024-12-02 00:01:00+00:00
[2024-12-01T02:02:55.946+0000] {processor.py:183} INFO - Processing /opt/airflow/dags/create_table.py took 0.392 seconds
[2024-12-01T02:03:26.431+0000] {processor.py:161} INFO - Started process (PID=814) to work on /opt/airflow/dags/create_table.py
[2024-12-01T02:03:26.432+0000] {processor.py:830} INFO - Processing file /opt/airflow/dags/create_table.py for tasks to queue
[2024-12-01T02:03:26.436+0000] {logging_mixin.py:188} INFO - [2024-12-01T02:03:26.434+0000] {dagbag.py:538} INFO - Filling up the DagBag from /opt/airflow/dags/create_table.py
[2024-12-01T02:03:26.472+0000] {processor.py:840} INFO - DAG(s) 'create_table' retrieved from /opt/airflow/dags/create_table.py
[2024-12-01T02:03:26.513+0000] {logging_mixin.py:188} INFO - [2024-12-01T02:03:26.512+0000] {dag.py:3036} INFO - Sync 1 DAGs
[2024-12-01T02:03:26.563+0000] {logging_mixin.py:188} INFO - [2024-12-01T02:03:26.562+0000] {dag.py:3823} INFO - Setting next_dagrun for create_table to 2024-12-01 00:01:00+00:00, run_after=2024-12-02 00:01:00+00:00
[2024-12-01T02:03:26.605+0000] {processor.py:183} INFO - Processing /opt/airflow/dags/create_table.py took 0.180 seconds
[2024-12-01T02:03:56.989+0000] {processor.py:161} INFO - Started process (PID=880) to work on /opt/airflow/dags/create_table.py
[2024-12-01T02:03:56.991+0000] {processor.py:830} INFO - Processing file /opt/airflow/dags/create_table.py for tasks to queue
[2024-12-01T02:03:56.994+0000] {logging_mixin.py:188} INFO - [2024-12-01T02:03:56.993+0000] {dagbag.py:538} INFO - Filling up the DagBag from /opt/airflow/dags/create_table.py
[2024-12-01T02:03:57.025+0000] {processor.py:840} INFO - DAG(s) 'create_table' retrieved from /opt/airflow/dags/create_table.py
[2024-12-01T02:03:57.060+0000] {logging_mixin.py:188} INFO - [2024-12-01T02:03:57.060+0000] {dag.py:3036} INFO - Sync 1 DAGs
[2024-12-01T02:03:57.105+0000] {logging_mixin.py:188} INFO - [2024-12-01T02:03:57.105+0000] {dag.py:3823} INFO - Setting next_dagrun for create_table to 2024-12-01 00:01:00+00:00, run_after=2024-12-02 00:01:00+00:00
[2024-12-01T02:03:57.147+0000] {processor.py:183} INFO - Processing /opt/airflow/dags/create_table.py took 0.163 seconds
[2024-12-01T02:04:28.120+0000] {processor.py:161} INFO - Started process (PID=947) to work on /opt/airflow/dags/create_table.py
[2024-12-01T02:04:28.122+0000] {processor.py:830} INFO - Processing file /opt/airflow/dags/create_table.py for tasks to queue
[2024-12-01T02:04:28.125+0000] {logging_mixin.py:188} INFO - [2024-12-01T02:04:28.125+0000] {dagbag.py:538} INFO - Filling up the DagBag from /opt/airflow/dags/create_table.py
[2024-12-01T02:04:28.161+0000] {processor.py:840} INFO - DAG(s) 'create_table' retrieved from /opt/airflow/dags/create_table.py
[2024-12-01T02:04:28.207+0000] {logging_mixin.py:188} INFO - [2024-12-01T02:04:28.207+0000] {dag.py:3036} INFO - Sync 1 DAGs
[2024-12-01T02:04:28.252+0000] {logging_mixin.py:188} INFO - [2024-12-01T02:04:28.251+0000] {dag.py:3823} INFO - Setting next_dagrun for create_table to 2024-12-01 00:01:00+00:00, run_after=2024-12-02 00:01:00+00:00
[2024-12-01T02:04:28.285+0000] {processor.py:183} INFO - Processing /opt/airflow/dags/create_table.py took 0.170 seconds
[2024-12-01T02:04:58.990+0000] {processor.py:161} INFO - Started process (PID=1014) to work on /opt/airflow/dags/create_table.py
[2024-12-01T02:04:58.996+0000] {processor.py:830} INFO - Processing file /opt/airflow/dags/create_table.py for tasks to queue
[2024-12-01T02:04:58.998+0000] {logging_mixin.py:188} INFO - [2024-12-01T02:04:58.997+0000] {dagbag.py:538} INFO - Filling up the DagBag from /opt/airflow/dags/create_table.py
[2024-12-01T02:04:59.022+0000] {processor.py:840} INFO - DAG(s) 'create_table' retrieved from /opt/airflow/dags/create_table.py
[2024-12-01T02:04:59.049+0000] {logging_mixin.py:188} INFO - [2024-12-01T02:04:59.048+0000] {dag.py:3036} INFO - Sync 1 DAGs
[2024-12-01T02:04:59.082+0000] {logging_mixin.py:188} INFO - [2024-12-01T02:04:59.082+0000] {dag.py:3823} INFO - Setting next_dagrun for create_table to 2024-12-01 00:01:00+00:00, run_after=2024-12-02 00:01:00+00:00
[2024-12-01T02:04:59.116+0000] {processor.py:183} INFO - Processing /opt/airflow/dags/create_table.py took 0.131 seconds
[2024-12-01T02:05:29.752+0000] {processor.py:161} INFO - Started process (PID=1081) to work on /opt/airflow/dags/create_table.py
[2024-12-01T02:05:29.753+0000] {processor.py:830} INFO - Processing file /opt/airflow/dags/create_table.py for tasks to queue
[2024-12-01T02:05:29.755+0000] {logging_mixin.py:188} INFO - [2024-12-01T02:05:29.755+0000] {dagbag.py:538} INFO - Filling up the DagBag from /opt/airflow/dags/create_table.py
[2024-12-01T02:05:29.777+0000] {processor.py:840} INFO - DAG(s) 'create_table' retrieved from /opt/airflow/dags/create_table.py
[2024-12-01T02:05:29.804+0000] {logging_mixin.py:188} INFO - [2024-12-01T02:05:29.804+0000] {dag.py:3036} INFO - Sync 1 DAGs
[2024-12-01T02:05:29.838+0000] {logging_mixin.py:188} INFO - [2024-12-01T02:05:29.837+0000] {dag.py:3823} INFO - Setting next_dagrun for create_table to 2024-12-01 00:01:00+00:00, run_after=2024-12-02 00:01:00+00:00
[2024-12-01T02:05:29.865+0000] {processor.py:183} INFO - Processing /opt/airflow/dags/create_table.py took 0.117 seconds
[2024-12-01T02:05:59.942+0000] {processor.py:161} INFO - Started process (PID=1149) to work on /opt/airflow/dags/create_table.py
[2024-12-01T02:05:59.943+0000] {processor.py:830} INFO - Processing file /opt/airflow/dags/create_table.py for tasks to queue
[2024-12-01T02:05:59.945+0000] {logging_mixin.py:188} INFO - [2024-12-01T02:05:59.945+0000] {dagbag.py:538} INFO - Filling up the DagBag from /opt/airflow/dags/create_table.py
[2024-12-01T02:05:59.967+0000] {processor.py:840} INFO - DAG(s) 'create_table' retrieved from /opt/airflow/dags/create_table.py
[2024-12-01T02:05:59.995+0000] {logging_mixin.py:188} INFO - [2024-12-01T02:05:59.995+0000] {dag.py:3036} INFO - Sync 1 DAGs
[2024-12-01T02:06:00.036+0000] {logging_mixin.py:188} INFO - [2024-12-01T02:06:00.036+0000] {dag.py:3823} INFO - Setting next_dagrun for create_table to 2024-12-01 00:01:00+00:00, run_after=2024-12-02 00:01:00+00:00
[2024-12-01T02:06:00.063+0000] {processor.py:183} INFO - Processing /opt/airflow/dags/create_table.py took 0.124 seconds
[2024-12-01T02:06:30.160+0000] {processor.py:161} INFO - Started process (PID=1217) to work on /opt/airflow/dags/create_table.py
[2024-12-01T02:06:30.161+0000] {processor.py:830} INFO - Processing file /opt/airflow/dags/create_table.py for tasks to queue
[2024-12-01T02:06:30.163+0000] {logging_mixin.py:188} INFO - [2024-12-01T02:06:30.162+0000] {dagbag.py:538} INFO - Filling up the DagBag from /opt/airflow/dags/create_table.py
[2024-12-01T02:06:30.184+0000] {processor.py:840} INFO - DAG(s) 'create_table' retrieved from /opt/airflow/dags/create_table.py
[2024-12-01T02:06:30.209+0000] {logging_mixin.py:188} INFO - [2024-12-01T02:06:30.208+0000] {dag.py:3036} INFO - Sync 1 DAGs
[2024-12-01T02:06:30.247+0000] {logging_mixin.py:188} INFO - [2024-12-01T02:06:30.246+0000] {dag.py:3823} INFO - Setting next_dagrun for create_table to 2024-12-01 00:01:00+00:00, run_after=2024-12-02 00:01:00+00:00
[2024-12-01T02:06:30.272+0000] {processor.py:183} INFO - Processing /opt/airflow/dags/create_table.py took 0.116 seconds
[2024-12-01T02:07:00.392+0000] {processor.py:161} INFO - Started process (PID=1284) to work on /opt/airflow/dags/create_table.py
[2024-12-01T02:07:00.393+0000] {processor.py:830} INFO - Processing file /opt/airflow/dags/create_table.py for tasks to queue
[2024-12-01T02:07:00.395+0000] {logging_mixin.py:188} INFO - [2024-12-01T02:07:00.395+0000] {dagbag.py:538} INFO - Filling up the DagBag from /opt/airflow/dags/create_table.py
[2024-12-01T02:07:00.419+0000] {processor.py:840} INFO - DAG(s) 'create_table' retrieved from /opt/airflow/dags/create_table.py
[2024-12-01T02:07:00.448+0000] {logging_mixin.py:188} INFO - [2024-12-01T02:07:00.448+0000] {dag.py:3036} INFO - Sync 1 DAGs
[2024-12-01T02:07:00.489+0000] {logging_mixin.py:188} INFO - [2024-12-01T02:07:00.489+0000] {dag.py:3823} INFO - Setting next_dagrun for create_table to 2024-12-01 00:01:00+00:00, run_after=2024-12-02 00:01:00+00:00
[2024-12-01T02:07:00.524+0000] {processor.py:183} INFO - Processing /opt/airflow/dags/create_table.py took 0.135 seconds
[2024-12-01T02:07:30.996+0000] {processor.py:161} INFO - Started process (PID=1349) to work on /opt/airflow/dags/create_table.py
[2024-12-01T02:07:30.997+0000] {processor.py:830} INFO - Processing file /opt/airflow/dags/create_table.py for tasks to queue
[2024-12-01T02:07:31.000+0000] {logging_mixin.py:188} INFO - [2024-12-01T02:07:30.999+0000] {dagbag.py:538} INFO - Filling up the DagBag from /opt/airflow/dags/create_table.py
[2024-12-01T02:07:31.028+0000] {processor.py:840} INFO - DAG(s) 'create_table' retrieved from /opt/airflow/dags/create_table.py
[2024-12-01T02:07:31.053+0000] {logging_mixin.py:188} INFO - [2024-12-01T02:07:31.053+0000] {dag.py:3036} INFO - Sync 1 DAGs
[2024-12-01T02:07:31.088+0000] {logging_mixin.py:188} INFO - [2024-12-01T02:07:31.088+0000] {dag.py:3823} INFO - Setting next_dagrun for create_table to 2024-12-01 00:01:00+00:00, run_after=2024-12-02 00:01:00+00:00
[2024-12-01T02:07:31.115+0000] {processor.py:183} INFO - Processing /opt/airflow/dags/create_table.py took 0.123 seconds
[2024-12-01T02:08:01.626+0000] {processor.py:161} INFO - Started process (PID=1424) to work on /opt/airflow/dags/create_table.py
[2024-12-01T02:08:01.627+0000] {processor.py:830} INFO - Processing file /opt/airflow/dags/create_table.py for tasks to queue
[2024-12-01T02:08:01.630+0000] {logging_mixin.py:188} INFO - [2024-12-01T02:08:01.630+0000] {dagbag.py:538} INFO - Filling up the DagBag from /opt/airflow/dags/create_table.py
[2024-12-01T02:08:01.656+0000] {processor.py:840} INFO - DAG(s) 'create_table' retrieved from /opt/airflow/dags/create_table.py
[2024-12-01T02:08:01.690+0000] {logging_mixin.py:188} INFO - [2024-12-01T02:08:01.689+0000] {dag.py:3036} INFO - Sync 1 DAGs
[2024-12-01T02:08:01.730+0000] {logging_mixin.py:188} INFO - [2024-12-01T02:08:01.730+0000] {dag.py:3823} INFO - Setting next_dagrun for create_table to 2024-12-01 00:01:00+00:00, run_after=2024-12-02 00:01:00+00:00
[2024-12-01T02:08:01.760+0000] {processor.py:183} INFO - Processing /opt/airflow/dags/create_table.py took 0.139 seconds
[2024-12-01T02:08:31.863+0000] {processor.py:161} INFO - Started process (PID=1493) to work on /opt/airflow/dags/create_table.py
[2024-12-01T02:08:31.864+0000] {processor.py:830} INFO - Processing file /opt/airflow/dags/create_table.py for tasks to queue
[2024-12-01T02:08:31.867+0000] {logging_mixin.py:188} INFO - [2024-12-01T02:08:31.866+0000] {dagbag.py:538} INFO - Filling up the DagBag from /opt/airflow/dags/create_table.py
[2024-12-01T02:08:31.895+0000] {processor.py:840} INFO - DAG(s) 'create_table' retrieved from /opt/airflow/dags/create_table.py
[2024-12-01T02:08:31.940+0000] {logging_mixin.py:188} INFO - [2024-12-01T02:08:31.939+0000] {dag.py:3036} INFO - Sync 1 DAGs
[2024-12-01T02:08:31.978+0000] {logging_mixin.py:188} INFO - [2024-12-01T02:08:31.977+0000] {dag.py:3823} INFO - Setting next_dagrun for create_table to 2024-12-01 00:01:00+00:00, run_after=2024-12-02 00:01:00+00:00
[2024-12-01T02:08:32.007+0000] {processor.py:183} INFO - Processing /opt/airflow/dags/create_table.py took 0.149 seconds
[2024-12-01T02:09:02.102+0000] {processor.py:161} INFO - Started process (PID=1561) to work on /opt/airflow/dags/create_table.py
[2024-12-01T02:09:02.103+0000] {processor.py:830} INFO - Processing file /opt/airflow/dags/create_table.py for tasks to queue
[2024-12-01T02:09:02.106+0000] {logging_mixin.py:188} INFO - [2024-12-01T02:09:02.105+0000] {dagbag.py:538} INFO - Filling up the DagBag from /opt/airflow/dags/create_table.py
[2024-12-01T02:09:02.132+0000] {processor.py:840} INFO - DAG(s) 'create_table' retrieved from /opt/airflow/dags/create_table.py
[2024-12-01T02:09:02.175+0000] {logging_mixin.py:188} INFO - [2024-12-01T02:09:02.175+0000] {dag.py:3036} INFO - Sync 1 DAGs
[2024-12-01T02:09:02.211+0000] {logging_mixin.py:188} INFO - [2024-12-01T02:09:02.211+0000] {dag.py:3823} INFO - Setting next_dagrun for create_table to 2024-12-01 00:01:00+00:00, run_after=2024-12-02 00:01:00+00:00
[2024-12-01T02:09:02.246+0000] {processor.py:183} INFO - Processing /opt/airflow/dags/create_table.py took 0.149 seconds
[2024-12-01T02:09:32.600+0000] {processor.py:161} INFO - Started process (PID=1634) to work on /opt/airflow/dags/create_table.py
[2024-12-01T02:09:32.601+0000] {processor.py:830} INFO - Processing file /opt/airflow/dags/create_table.py for tasks to queue
[2024-12-01T02:09:32.603+0000] {logging_mixin.py:188} INFO - [2024-12-01T02:09:32.603+0000] {dagbag.py:538} INFO - Filling up the DagBag from /opt/airflow/dags/create_table.py
[2024-12-01T02:09:32.626+0000] {processor.py:840} INFO - DAG(s) 'create_table' retrieved from /opt/airflow/dags/create_table.py
[2024-12-01T02:09:32.667+0000] {logging_mixin.py:188} INFO - [2024-12-01T02:09:32.667+0000] {dag.py:3036} INFO - Sync 1 DAGs
[2024-12-01T02:09:32.714+0000] {logging_mixin.py:188} INFO - [2024-12-01T02:09:32.714+0000] {dag.py:3823} INFO - Setting next_dagrun for create_table to 2024-12-01 00:01:00+00:00, run_after=2024-12-02 00:01:00+00:00
[2024-12-01T02:09:32.750+0000] {processor.py:183} INFO - Processing /opt/airflow/dags/create_table.py took 0.154 seconds
[2024-12-01T02:10:02.839+0000] {processor.py:161} INFO - Started process (PID=1703) to work on /opt/airflow/dags/create_table.py
[2024-12-01T02:10:02.841+0000] {processor.py:830} INFO - Processing file /opt/airflow/dags/create_table.py for tasks to queue
[2024-12-01T02:10:02.843+0000] {logging_mixin.py:188} INFO - [2024-12-01T02:10:02.843+0000] {dagbag.py:538} INFO - Filling up the DagBag from /opt/airflow/dags/create_table.py
[2024-12-01T02:10:02.873+0000] {processor.py:840} INFO - DAG(s) 'create_table' retrieved from /opt/airflow/dags/create_table.py
[2024-12-01T02:10:02.908+0000] {logging_mixin.py:188} INFO - [2024-12-01T02:10:02.907+0000] {dag.py:3036} INFO - Sync 1 DAGs
[2024-12-01T02:10:02.953+0000] {logging_mixin.py:188} INFO - [2024-12-01T02:10:02.953+0000] {dag.py:3823} INFO - Setting next_dagrun for create_table to 2024-12-01 00:01:00+00:00, run_after=2024-12-02 00:01:00+00:00
[2024-12-01T02:10:02.990+0000] {processor.py:183} INFO - Processing /opt/airflow/dags/create_table.py took 0.157 seconds
[2024-12-01T02:10:33.458+0000] {processor.py:161} INFO - Started process (PID=1771) to work on /opt/airflow/dags/create_table.py
[2024-12-01T02:10:33.459+0000] {processor.py:830} INFO - Processing file /opt/airflow/dags/create_table.py for tasks to queue
[2024-12-01T02:10:33.461+0000] {logging_mixin.py:188} INFO - [2024-12-01T02:10:33.461+0000] {dagbag.py:538} INFO - Filling up the DagBag from /opt/airflow/dags/create_table.py
[2024-12-01T02:10:33.492+0000] {processor.py:840} INFO - DAG(s) 'create_table' retrieved from /opt/airflow/dags/create_table.py
[2024-12-01T02:10:33.528+0000] {logging_mixin.py:188} INFO - [2024-12-01T02:10:33.528+0000] {dag.py:3036} INFO - Sync 1 DAGs
[2024-12-01T02:10:33.576+0000] {logging_mixin.py:188} INFO - [2024-12-01T02:10:33.575+0000] {dag.py:3823} INFO - Setting next_dagrun for create_table to 2024-12-01 00:01:00+00:00, run_after=2024-12-02 00:01:00+00:00
[2024-12-01T02:10:33.606+0000] {processor.py:183} INFO - Processing /opt/airflow/dags/create_table.py took 0.156 seconds
[2024-12-01T02:11:03.800+0000] {processor.py:161} INFO - Started process (PID=1839) to work on /opt/airflow/dags/create_table.py
[2024-12-01T02:11:03.801+0000] {processor.py:830} INFO - Processing file /opt/airflow/dags/create_table.py for tasks to queue
[2024-12-01T02:11:03.803+0000] {logging_mixin.py:188} INFO - [2024-12-01T02:11:03.803+0000] {dagbag.py:538} INFO - Filling up the DagBag from /opt/airflow/dags/create_table.py
[2024-12-01T02:11:03.827+0000] {processor.py:840} INFO - DAG(s) 'create_table' retrieved from /opt/airflow/dags/create_table.py
[2024-12-01T02:11:03.863+0000] {logging_mixin.py:188} INFO - [2024-12-01T02:11:03.862+0000] {dag.py:3036} INFO - Sync 1 DAGs
[2024-12-01T02:11:03.900+0000] {logging_mixin.py:188} INFO - [2024-12-01T02:11:03.899+0000] {dag.py:3823} INFO - Setting next_dagrun for create_table to 2024-12-01 00:01:00+00:00, run_after=2024-12-02 00:01:00+00:00
[2024-12-01T02:11:03.929+0000] {processor.py:183} INFO - Processing /opt/airflow/dags/create_table.py took 0.133 seconds
[2024-12-01T02:11:34.508+0000] {processor.py:161} INFO - Started process (PID=1907) to work on /opt/airflow/dags/create_table.py
[2024-12-01T02:11:34.509+0000] {processor.py:830} INFO - Processing file /opt/airflow/dags/create_table.py for tasks to queue
[2024-12-01T02:11:34.512+0000] {logging_mixin.py:188} INFO - [2024-12-01T02:11:34.511+0000] {dagbag.py:538} INFO - Filling up the DagBag from /opt/airflow/dags/create_table.py
[2024-12-01T02:11:34.536+0000] {processor.py:840} INFO - DAG(s) 'create_table' retrieved from /opt/airflow/dags/create_table.py
[2024-12-01T02:11:34.582+0000] {logging_mixin.py:188} INFO - [2024-12-01T02:11:34.581+0000] {dag.py:3036} INFO - Sync 1 DAGs
[2024-12-01T02:11:34.622+0000] {logging_mixin.py:188} INFO - [2024-12-01T02:11:34.622+0000] {dag.py:3823} INFO - Setting next_dagrun for create_table to 2024-12-01 00:01:00+00:00, run_after=2024-12-02 00:01:00+00:00
[2024-12-01T02:11:34.661+0000] {processor.py:183} INFO - Processing /opt/airflow/dags/create_table.py took 0.157 seconds
[2024-12-01T02:12:04.951+0000] {processor.py:161} INFO - Started process (PID=1974) to work on /opt/airflow/dags/create_table.py
[2024-12-01T02:12:04.952+0000] {processor.py:830} INFO - Processing file /opt/airflow/dags/create_table.py for tasks to queue
[2024-12-01T02:12:04.955+0000] {logging_mixin.py:188} INFO - [2024-12-01T02:12:04.953+0000] {dagbag.py:538} INFO - Filling up the DagBag from /opt/airflow/dags/create_table.py
[2024-12-01T02:12:04.983+0000] {processor.py:840} INFO - DAG(s) 'create_table' retrieved from /opt/airflow/dags/create_table.py
[2024-12-01T02:12:05.009+0000] {logging_mixin.py:188} INFO - [2024-12-01T02:12:05.009+0000] {dag.py:3036} INFO - Sync 1 DAGs
[2024-12-01T02:12:05.045+0000] {logging_mixin.py:188} INFO - [2024-12-01T02:12:05.045+0000] {dag.py:3823} INFO - Setting next_dagrun for create_table to 2024-12-01 00:01:00+00:00, run_after=2024-12-02 00:01:00+00:00
[2024-12-01T02:12:05.075+0000] {processor.py:183} INFO - Processing /opt/airflow/dags/create_table.py took 0.128 seconds
[2024-12-01T02:12:35.556+0000] {processor.py:161} INFO - Started process (PID=2050) to work on /opt/airflow/dags/create_table.py
[2024-12-01T02:12:35.557+0000] {processor.py:830} INFO - Processing file /opt/airflow/dags/create_table.py for tasks to queue
[2024-12-01T02:12:35.563+0000] {logging_mixin.py:188} INFO - [2024-12-01T02:12:35.561+0000] {dagbag.py:538} INFO - Filling up the DagBag from /opt/airflow/dags/create_table.py
[2024-12-01T02:12:35.598+0000] {processor.py:840} INFO - DAG(s) 'create_table' retrieved from /opt/airflow/dags/create_table.py
[2024-12-01T02:12:35.636+0000] {logging_mixin.py:188} INFO - [2024-12-01T02:12:35.636+0000] {dag.py:3036} INFO - Sync 1 DAGs
[2024-12-01T02:12:35.684+0000] {logging_mixin.py:188} INFO - [2024-12-01T02:12:35.684+0000] {dag.py:3823} INFO - Setting next_dagrun for create_table to 2024-12-01 00:01:00+00:00, run_after=2024-12-02 00:01:00+00:00
[2024-12-01T02:12:35.712+0000] {processor.py:183} INFO - Processing /opt/airflow/dags/create_table.py took 0.162 seconds
[2024-12-01T02:13:05.957+0000] {processor.py:161} INFO - Started process (PID=2118) to work on /opt/airflow/dags/create_table.py
[2024-12-01T02:13:05.958+0000] {processor.py:830} INFO - Processing file /opt/airflow/dags/create_table.py for tasks to queue
[2024-12-01T02:13:05.959+0000] {logging_mixin.py:188} INFO - [2024-12-01T02:13:05.959+0000] {dagbag.py:538} INFO - Filling up the DagBag from /opt/airflow/dags/create_table.py
[2024-12-01T02:13:05.990+0000] {processor.py:840} INFO - DAG(s) 'create_table' retrieved from /opt/airflow/dags/create_table.py
[2024-12-01T02:13:06.022+0000] {logging_mixin.py:188} INFO - [2024-12-01T02:13:06.021+0000] {dag.py:3036} INFO - Sync 1 DAGs
[2024-12-01T02:13:06.065+0000] {logging_mixin.py:188} INFO - [2024-12-01T02:13:06.064+0000] {dag.py:3823} INFO - Setting next_dagrun for create_table to 2024-12-01 00:01:00+00:00, run_after=2024-12-02 00:01:00+00:00
[2024-12-01T02:13:06.102+0000] {processor.py:183} INFO - Processing /opt/airflow/dags/create_table.py took 0.150 seconds
[2024-12-01T02:13:36.304+0000] {processor.py:161} INFO - Started process (PID=2185) to work on /opt/airflow/dags/create_table.py
[2024-12-01T02:13:36.306+0000] {processor.py:830} INFO - Processing file /opt/airflow/dags/create_table.py for tasks to queue
[2024-12-01T02:13:36.308+0000] {logging_mixin.py:188} INFO - [2024-12-01T02:13:36.308+0000] {dagbag.py:538} INFO - Filling up the DagBag from /opt/airflow/dags/create_table.py
[2024-12-01T02:13:36.352+0000] {processor.py:840} INFO - DAG(s) 'create_table' retrieved from /opt/airflow/dags/create_table.py
[2024-12-01T02:13:36.386+0000] {logging_mixin.py:188} INFO - [2024-12-01T02:13:36.385+0000] {dag.py:3036} INFO - Sync 1 DAGs
[2024-12-01T02:13:36.423+0000] {logging_mixin.py:188} INFO - [2024-12-01T02:13:36.423+0000] {dag.py:3823} INFO - Setting next_dagrun for create_table to 2024-12-01 00:01:00+00:00, run_after=2024-12-02 00:01:00+00:00
[2024-12-01T02:13:36.456+0000] {processor.py:183} INFO - Processing /opt/airflow/dags/create_table.py took 0.157 seconds
[2024-12-01T02:14:06.742+0000] {processor.py:161} INFO - Started process (PID=2253) to work on /opt/airflow/dags/create_table.py
[2024-12-01T02:14:06.743+0000] {processor.py:830} INFO - Processing file /opt/airflow/dags/create_table.py for tasks to queue
[2024-12-01T02:14:06.744+0000] {logging_mixin.py:188} INFO - [2024-12-01T02:14:06.743+0000] {dagbag.py:538} INFO - Filling up the DagBag from /opt/airflow/dags/create_table.py
[2024-12-01T02:14:06.770+0000] {processor.py:840} INFO - DAG(s) 'create_table' retrieved from /opt/airflow/dags/create_table.py
[2024-12-01T02:14:06.798+0000] {logging_mixin.py:188} INFO - [2024-12-01T02:14:06.798+0000] {dag.py:3036} INFO - Sync 1 DAGs
[2024-12-01T02:14:06.840+0000] {logging_mixin.py:188} INFO - [2024-12-01T02:14:06.839+0000] {dag.py:3823} INFO - Setting next_dagrun for create_table to 2024-12-01 00:01:00+00:00, run_after=2024-12-02 00:01:00+00:00
[2024-12-01T02:14:06.871+0000] {processor.py:183} INFO - Processing /opt/airflow/dags/create_table.py took 0.134 seconds
[2024-12-01T02:14:37.007+0000] {processor.py:161} INFO - Started process (PID=2322) to work on /opt/airflow/dags/create_table.py
[2024-12-01T02:14:37.008+0000] {processor.py:830} INFO - Processing file /opt/airflow/dags/create_table.py for tasks to queue
[2024-12-01T02:14:37.009+0000] {logging_mixin.py:188} INFO - [2024-12-01T02:14:37.009+0000] {dagbag.py:538} INFO - Filling up the DagBag from /opt/airflow/dags/create_table.py
[2024-12-01T02:14:37.035+0000] {processor.py:840} INFO - DAG(s) 'create_table' retrieved from /opt/airflow/dags/create_table.py
[2024-12-01T02:14:37.065+0000] {logging_mixin.py:188} INFO - [2024-12-01T02:14:37.065+0000] {dag.py:3036} INFO - Sync 1 DAGs
[2024-12-01T02:14:37.100+0000] {logging_mixin.py:188} INFO - [2024-12-01T02:14:37.100+0000] {dag.py:3823} INFO - Setting next_dagrun for create_table to 2024-12-01 00:01:00+00:00, run_after=2024-12-02 00:01:00+00:00
[2024-12-01T02:14:37.129+0000] {processor.py:183} INFO - Processing /opt/airflow/dags/create_table.py took 0.127 seconds
[2024-12-01T02:15:07.270+0000] {processor.py:161} INFO - Started process (PID=2390) to work on /opt/airflow/dags/create_table.py
[2024-12-01T02:15:07.279+0000] {processor.py:830} INFO - Processing file /opt/airflow/dags/create_table.py for tasks to queue
[2024-12-01T02:15:07.281+0000] {logging_mixin.py:188} INFO - [2024-12-01T02:15:07.280+0000] {dagbag.py:538} INFO - Filling up the DagBag from /opt/airflow/dags/create_table.py
[2024-12-01T02:15:07.310+0000] {processor.py:840} INFO - DAG(s) 'create_table' retrieved from /opt/airflow/dags/create_table.py
[2024-12-01T02:15:07.338+0000] {logging_mixin.py:188} INFO - [2024-12-01T02:15:07.338+0000] {dag.py:3036} INFO - Sync 1 DAGs
[2024-12-01T02:15:07.373+0000] {logging_mixin.py:188} INFO - [2024-12-01T02:15:07.373+0000] {dag.py:3823} INFO - Setting next_dagrun for create_table to 2024-12-01 00:01:00+00:00, run_after=2024-12-02 00:01:00+00:00
[2024-12-01T02:15:07.416+0000] {processor.py:183} INFO - Processing /opt/airflow/dags/create_table.py took 0.150 seconds
[2024-12-01T02:15:37.802+0000] {processor.py:161} INFO - Started process (PID=2458) to work on /opt/airflow/dags/create_table.py
[2024-12-01T02:15:37.803+0000] {processor.py:830} INFO - Processing file /opt/airflow/dags/create_table.py for tasks to queue
[2024-12-01T02:15:37.804+0000] {logging_mixin.py:188} INFO - [2024-12-01T02:15:37.804+0000] {dagbag.py:538} INFO - Filling up the DagBag from /opt/airflow/dags/create_table.py
[2024-12-01T02:15:37.828+0000] {processor.py:840} INFO - DAG(s) 'create_table' retrieved from /opt/airflow/dags/create_table.py
[2024-12-01T02:15:37.855+0000] {logging_mixin.py:188} INFO - [2024-12-01T02:15:37.855+0000] {dag.py:3036} INFO - Sync 1 DAGs
[2024-12-01T02:15:37.890+0000] {logging_mixin.py:188} INFO - [2024-12-01T02:15:37.890+0000] {dag.py:3823} INFO - Setting next_dagrun for create_table to 2024-12-01 00:01:00+00:00, run_after=2024-12-02 00:01:00+00:00
[2024-12-01T02:15:37.915+0000] {processor.py:183} INFO - Processing /opt/airflow/dags/create_table.py took 0.117 seconds
[2024-12-01T02:16:08.383+0000] {processor.py:161} INFO - Started process (PID=2526) to work on /opt/airflow/dags/create_table.py
[2024-12-01T02:16:08.384+0000] {processor.py:830} INFO - Processing file /opt/airflow/dags/create_table.py for tasks to queue
[2024-12-01T02:16:08.385+0000] {logging_mixin.py:188} INFO - [2024-12-01T02:16:08.385+0000] {dagbag.py:538} INFO - Filling up the DagBag from /opt/airflow/dags/create_table.py
[2024-12-01T02:16:08.419+0000] {processor.py:840} INFO - DAG(s) 'create_table' retrieved from /opt/airflow/dags/create_table.py
[2024-12-01T02:16:08.458+0000] {logging_mixin.py:188} INFO - [2024-12-01T02:16:08.457+0000] {dag.py:3036} INFO - Sync 1 DAGs
[2024-12-01T02:16:08.496+0000] {logging_mixin.py:188} INFO - [2024-12-01T02:16:08.496+0000] {dag.py:3823} INFO - Setting next_dagrun for create_table to 2024-12-01 00:01:00+00:00, run_after=2024-12-02 00:01:00+00:00
[2024-12-01T02:16:08.537+0000] {processor.py:183} INFO - Processing /opt/airflow/dags/create_table.py took 0.158 seconds
[2024-12-01T02:16:39.293+0000] {processor.py:161} INFO - Started process (PID=2593) to work on /opt/airflow/dags/create_table.py
[2024-12-01T02:16:39.294+0000] {processor.py:830} INFO - Processing file /opt/airflow/dags/create_table.py for tasks to queue
[2024-12-01T02:16:39.295+0000] {logging_mixin.py:188} INFO - [2024-12-01T02:16:39.295+0000] {dagbag.py:538} INFO - Filling up the DagBag from /opt/airflow/dags/create_table.py
[2024-12-01T02:16:39.332+0000] {processor.py:840} INFO - DAG(s) 'create_table' retrieved from /opt/airflow/dags/create_table.py
[2024-12-01T02:16:39.375+0000] {logging_mixin.py:188} INFO - [2024-12-01T02:16:39.374+0000] {dag.py:3036} INFO - Sync 1 DAGs
[2024-12-01T02:16:39.429+0000] {logging_mixin.py:188} INFO - [2024-12-01T02:16:39.429+0000] {dag.py:3823} INFO - Setting next_dagrun for create_table to 2024-12-01 00:01:00+00:00, run_after=2024-12-02 00:01:00+00:00
[2024-12-01T02:16:39.468+0000] {processor.py:183} INFO - Processing /opt/airflow/dags/create_table.py took 0.181 seconds
[2024-12-01T02:17:09.599+0000] {processor.py:161} INFO - Started process (PID=2661) to work on /opt/airflow/dags/create_table.py
[2024-12-01T02:17:09.600+0000] {processor.py:830} INFO - Processing file /opt/airflow/dags/create_table.py for tasks to queue
[2024-12-01T02:17:09.601+0000] {logging_mixin.py:188} INFO - [2024-12-01T02:17:09.601+0000] {dagbag.py:538} INFO - Filling up the DagBag from /opt/airflow/dags/create_table.py
[2024-12-01T02:17:09.628+0000] {processor.py:840} INFO - DAG(s) 'create_table' retrieved from /opt/airflow/dags/create_table.py
[2024-12-01T02:17:09.657+0000] {logging_mixin.py:188} INFO - [2024-12-01T02:17:09.657+0000] {dag.py:3036} INFO - Sync 1 DAGs
[2024-12-01T02:17:09.700+0000] {logging_mixin.py:188} INFO - [2024-12-01T02:17:09.700+0000] {dag.py:3823} INFO - Setting next_dagrun for create_table to 2024-12-01 00:01:00+00:00, run_after=2024-12-02 00:01:00+00:00
[2024-12-01T02:17:09.731+0000] {processor.py:183} INFO - Processing /opt/airflow/dags/create_table.py took 0.136 seconds
[2024-12-01T02:17:40.123+0000] {processor.py:161} INFO - Started process (PID=2737) to work on /opt/airflow/dags/create_table.py
[2024-12-01T02:17:40.125+0000] {processor.py:830} INFO - Processing file /opt/airflow/dags/create_table.py for tasks to queue
[2024-12-01T02:17:40.126+0000] {logging_mixin.py:188} INFO - [2024-12-01T02:17:40.126+0000] {dagbag.py:538} INFO - Filling up the DagBag from /opt/airflow/dags/create_table.py
[2024-12-01T02:17:40.150+0000] {processor.py:840} INFO - DAG(s) 'create_table' retrieved from /opt/airflow/dags/create_table.py
[2024-12-01T02:17:40.175+0000] {logging_mixin.py:188} INFO - [2024-12-01T02:17:40.175+0000] {dag.py:3036} INFO - Sync 1 DAGs
[2024-12-01T02:17:40.211+0000] {logging_mixin.py:188} INFO - [2024-12-01T02:17:40.211+0000] {dag.py:3823} INFO - Setting next_dagrun for create_table to 2024-12-01 00:01:00+00:00, run_after=2024-12-02 00:01:00+00:00
[2024-12-01T02:17:40.245+0000] {processor.py:183} INFO - Processing /opt/airflow/dags/create_table.py took 0.126 seconds
[2024-12-01T02:18:10.299+0000] {processor.py:161} INFO - Started process (PID=2806) to work on /opt/airflow/dags/create_table.py
[2024-12-01T02:18:10.300+0000] {processor.py:830} INFO - Processing file /opt/airflow/dags/create_table.py for tasks to queue
[2024-12-01T02:18:10.301+0000] {logging_mixin.py:188} INFO - [2024-12-01T02:18:10.301+0000] {dagbag.py:538} INFO - Filling up the DagBag from /opt/airflow/dags/create_table.py
[2024-12-01T02:18:10.328+0000] {processor.py:840} INFO - DAG(s) 'create_table' retrieved from /opt/airflow/dags/create_table.py
[2024-12-01T02:18:10.357+0000] {logging_mixin.py:188} INFO - [2024-12-01T02:18:10.357+0000] {dag.py:3036} INFO - Sync 1 DAGs
[2024-12-01T02:18:10.398+0000] {logging_mixin.py:188} INFO - [2024-12-01T02:18:10.398+0000] {dag.py:3823} INFO - Setting next_dagrun for create_table to 2024-12-01 00:01:00+00:00, run_after=2024-12-02 00:01:00+00:00
[2024-12-01T02:18:10.434+0000] {processor.py:183} INFO - Processing /opt/airflow/dags/create_table.py took 0.139 seconds
[2024-12-01T02:18:40.892+0000] {processor.py:161} INFO - Started process (PID=2874) to work on /opt/airflow/dags/create_table.py
[2024-12-01T02:18:40.893+0000] {processor.py:830} INFO - Processing file /opt/airflow/dags/create_table.py for tasks to queue
[2024-12-01T02:18:40.895+0000] {logging_mixin.py:188} INFO - [2024-12-01T02:18:40.894+0000] {dagbag.py:538} INFO - Filling up the DagBag from /opt/airflow/dags/create_table.py
[2024-12-01T02:18:40.921+0000] {processor.py:840} INFO - DAG(s) 'create_table' retrieved from /opt/airflow/dags/create_table.py
[2024-12-01T02:18:40.974+0000] {logging_mixin.py:188} INFO - [2024-12-01T02:18:40.973+0000] {dag.py:3036} INFO - Sync 1 DAGs
[2024-12-01T02:18:41.017+0000] {logging_mixin.py:188} INFO - [2024-12-01T02:18:41.017+0000] {dag.py:3823} INFO - Setting next_dagrun for create_table to 2024-12-01 00:01:00+00:00, run_after=2024-12-02 00:01:00+00:00
[2024-12-01T02:18:41.052+0000] {processor.py:183} INFO - Processing /opt/airflow/dags/create_table.py took 0.164 seconds
[2024-12-01T02:19:11.958+0000] {processor.py:161} INFO - Started process (PID=2942) to work on /opt/airflow/dags/create_table.py
[2024-12-01T02:19:11.959+0000] {processor.py:830} INFO - Processing file /opt/airflow/dags/create_table.py for tasks to queue
[2024-12-01T02:19:11.960+0000] {logging_mixin.py:188} INFO - [2024-12-01T02:19:11.960+0000] {dagbag.py:538} INFO - Filling up the DagBag from /opt/airflow/dags/create_table.py
[2024-12-01T02:19:11.988+0000] {processor.py:840} INFO - DAG(s) 'create_table' retrieved from /opt/airflow/dags/create_table.py
[2024-12-01T02:19:12.026+0000] {logging_mixin.py:188} INFO - [2024-12-01T02:19:12.025+0000] {dag.py:3036} INFO - Sync 1 DAGs
[2024-12-01T02:19:12.067+0000] {logging_mixin.py:188} INFO - [2024-12-01T02:19:12.066+0000] {dag.py:3823} INFO - Setting next_dagrun for create_table to 2024-12-01 00:01:00+00:00, run_after=2024-12-02 00:01:00+00:00
[2024-12-01T02:19:12.111+0000] {processor.py:183} INFO - Processing /opt/airflow/dags/create_table.py took 0.157 seconds
[2024-12-01T02:19:42.231+0000] {processor.py:161} INFO - Started process (PID=3010) to work on /opt/airflow/dags/create_table.py
[2024-12-01T02:19:42.232+0000] {processor.py:830} INFO - Processing file /opt/airflow/dags/create_table.py for tasks to queue
[2024-12-01T02:19:42.234+0000] {logging_mixin.py:188} INFO - [2024-12-01T02:19:42.233+0000] {dagbag.py:538} INFO - Filling up the DagBag from /opt/airflow/dags/create_table.py
[2024-12-01T02:19:42.267+0000] {processor.py:840} INFO - DAG(s) 'create_table' retrieved from /opt/airflow/dags/create_table.py
[2024-12-01T02:19:42.299+0000] {logging_mixin.py:188} INFO - [2024-12-01T02:19:42.299+0000] {dag.py:3036} INFO - Sync 1 DAGs
[2024-12-01T02:19:42.353+0000] {logging_mixin.py:188} INFO - [2024-12-01T02:19:42.352+0000] {dag.py:3823} INFO - Setting next_dagrun for create_table to 2024-12-01 00:01:00+00:00, run_after=2024-12-02 00:01:00+00:00
[2024-12-01T02:19:42.385+0000] {processor.py:183} INFO - Processing /opt/airflow/dags/create_table.py took 0.160 seconds
[2024-12-01T02:20:12.734+0000] {processor.py:161} INFO - Started process (PID=3078) to work on /opt/airflow/dags/create_table.py
[2024-12-01T02:20:12.735+0000] {processor.py:830} INFO - Processing file /opt/airflow/dags/create_table.py for tasks to queue
[2024-12-01T02:20:12.736+0000] {logging_mixin.py:188} INFO - [2024-12-01T02:20:12.736+0000] {dagbag.py:538} INFO - Filling up the DagBag from /opt/airflow/dags/create_table.py
[2024-12-01T02:20:12.765+0000] {processor.py:840} INFO - DAG(s) 'create_table' retrieved from /opt/airflow/dags/create_table.py
[2024-12-01T02:20:12.807+0000] {logging_mixin.py:188} INFO - [2024-12-01T02:20:12.806+0000] {dag.py:3036} INFO - Sync 1 DAGs
[2024-12-01T02:20:12.849+0000] {logging_mixin.py:188} INFO - [2024-12-01T02:20:12.849+0000] {dag.py:3823} INFO - Setting next_dagrun for create_table to 2024-12-01 00:01:00+00:00, run_after=2024-12-02 00:01:00+00:00
[2024-12-01T02:20:12.882+0000] {processor.py:183} INFO - Processing /opt/airflow/dags/create_table.py took 0.153 seconds
[2024-12-01T02:20:43.024+0000] {processor.py:161} INFO - Started process (PID=3146) to work on /opt/airflow/dags/create_table.py
[2024-12-01T02:20:43.026+0000] {processor.py:830} INFO - Processing file /opt/airflow/dags/create_table.py for tasks to queue
[2024-12-01T02:20:43.028+0000] {logging_mixin.py:188} INFO - [2024-12-01T02:20:43.027+0000] {dagbag.py:538} INFO - Filling up the DagBag from /opt/airflow/dags/create_table.py
[2024-12-01T02:20:43.052+0000] {processor.py:840} INFO - DAG(s) 'create_table' retrieved from /opt/airflow/dags/create_table.py
[2024-12-01T02:20:43.079+0000] {logging_mixin.py:188} INFO - [2024-12-01T02:20:43.079+0000] {dag.py:3036} INFO - Sync 1 DAGs
[2024-12-01T02:20:43.114+0000] {logging_mixin.py:188} INFO - [2024-12-01T02:20:43.113+0000] {dag.py:3823} INFO - Setting next_dagrun for create_table to 2024-12-01 00:01:00+00:00, run_after=2024-12-02 00:01:00+00:00
[2024-12-01T02:20:43.297+0000] {processor.py:183} INFO - Processing /opt/airflow/dags/create_table.py took 0.277 seconds
[2024-12-01T02:21:13.600+0000] {processor.py:161} INFO - Started process (PID=3214) to work on /opt/airflow/dags/create_table.py
[2024-12-01T02:21:13.602+0000] {processor.py:830} INFO - Processing file /opt/airflow/dags/create_table.py for tasks to queue
[2024-12-01T02:21:13.604+0000] {logging_mixin.py:188} INFO - [2024-12-01T02:21:13.603+0000] {dagbag.py:538} INFO - Filling up the DagBag from /opt/airflow/dags/create_table.py
[2024-12-01T02:21:13.638+0000] {processor.py:840} INFO - DAG(s) 'create_table' retrieved from /opt/airflow/dags/create_table.py
[2024-12-01T02:21:13.672+0000] {logging_mixin.py:188} INFO - [2024-12-01T02:21:13.672+0000] {dag.py:3036} INFO - Sync 1 DAGs
[2024-12-01T02:21:13.715+0000] {logging_mixin.py:188} INFO - [2024-12-01T02:21:13.715+0000] {dag.py:3823} INFO - Setting next_dagrun for create_table to 2024-12-01 00:01:00+00:00, run_after=2024-12-02 00:01:00+00:00
[2024-12-01T02:21:13.750+0000] {processor.py:183} INFO - Processing /opt/airflow/dags/create_table.py took 0.154 seconds
[2024-12-01T02:21:44.079+0000] {processor.py:161} INFO - Started process (PID=3283) to work on /opt/airflow/dags/create_table.py
[2024-12-01T02:21:44.264+0000] {processor.py:830} INFO - Processing file /opt/airflow/dags/create_table.py for tasks to queue
[2024-12-01T02:21:44.265+0000] {logging_mixin.py:188} INFO - [2024-12-01T02:21:44.265+0000] {dagbag.py:538} INFO - Filling up the DagBag from /opt/airflow/dags/create_table.py
[2024-12-01T02:21:44.293+0000] {processor.py:840} INFO - DAG(s) 'create_table' retrieved from /opt/airflow/dags/create_table.py
[2024-12-01T02:21:44.325+0000] {logging_mixin.py:188} INFO - [2024-12-01T02:21:44.325+0000] {dag.py:3036} INFO - Sync 1 DAGs
[2024-12-01T02:21:44.365+0000] {logging_mixin.py:188} INFO - [2024-12-01T02:21:44.364+0000] {dag.py:3823} INFO - Setting next_dagrun for create_table to 2024-12-01 00:01:00+00:00, run_after=2024-12-02 00:01:00+00:00
[2024-12-01T02:21:44.423+0000] {processor.py:183} INFO - Processing /opt/airflow/dags/create_table.py took 0.348 seconds
[2024-12-01T02:22:15.245+0000] {processor.py:161} INFO - Started process (PID=3360) to work on /opt/airflow/dags/create_table.py
[2024-12-01T02:22:15.246+0000] {processor.py:830} INFO - Processing file /opt/airflow/dags/create_table.py for tasks to queue
[2024-12-01T02:22:15.247+0000] {logging_mixin.py:188} INFO - [2024-12-01T02:22:15.247+0000] {dagbag.py:538} INFO - Filling up the DagBag from /opt/airflow/dags/create_table.py
[2024-12-01T02:22:15.274+0000] {processor.py:840} INFO - DAG(s) 'create_table' retrieved from /opt/airflow/dags/create_table.py
[2024-12-01T02:22:15.309+0000] {logging_mixin.py:188} INFO - [2024-12-01T02:22:15.308+0000] {dag.py:3036} INFO - Sync 1 DAGs
[2024-12-01T02:22:15.352+0000] {logging_mixin.py:188} INFO - [2024-12-01T02:22:15.352+0000] {dag.py:3823} INFO - Setting next_dagrun for create_table to 2024-12-01 00:01:00+00:00, run_after=2024-12-02 00:01:00+00:00
[2024-12-01T02:22:15.398+0000] {processor.py:183} INFO - Processing /opt/airflow/dags/create_table.py took 0.157 seconds
[2024-12-01T02:22:45.431+0000] {processor.py:161} INFO - Started process (PID=3429) to work on /opt/airflow/dags/create_table.py
[2024-12-01T02:22:45.432+0000] {processor.py:830} INFO - Processing file /opt/airflow/dags/create_table.py for tasks to queue
[2024-12-01T02:22:45.433+0000] {logging_mixin.py:188} INFO - [2024-12-01T02:22:45.433+0000] {dagbag.py:538} INFO - Filling up the DagBag from /opt/airflow/dags/create_table.py
[2024-12-01T02:22:45.464+0000] {processor.py:840} INFO - DAG(s) 'create_table' retrieved from /opt/airflow/dags/create_table.py
[2024-12-01T02:22:45.495+0000] {logging_mixin.py:188} INFO - [2024-12-01T02:22:45.494+0000] {dag.py:3036} INFO - Sync 1 DAGs
[2024-12-01T02:22:45.725+0000] {logging_mixin.py:188} INFO - [2024-12-01T02:22:45.725+0000] {dag.py:3823} INFO - Setting next_dagrun for create_table to 2024-12-01 00:01:00+00:00, run_after=2024-12-02 00:01:00+00:00
[2024-12-01T02:22:45.757+0000] {processor.py:183} INFO - Processing /opt/airflow/dags/create_table.py took 0.331 seconds
[2024-12-01T02:23:15.873+0000] {processor.py:161} INFO - Started process (PID=3498) to work on /opt/airflow/dags/create_table.py
[2024-12-01T02:23:15.874+0000] {processor.py:830} INFO - Processing file /opt/airflow/dags/create_table.py for tasks to queue
[2024-12-01T02:23:15.876+0000] {logging_mixin.py:188} INFO - [2024-12-01T02:23:15.875+0000] {dagbag.py:538} INFO - Filling up the DagBag from /opt/airflow/dags/create_table.py
[2024-12-01T02:23:15.901+0000] {processor.py:840} INFO - DAG(s) 'create_table' retrieved from /opt/airflow/dags/create_table.py
[2024-12-01T02:23:15.929+0000] {logging_mixin.py:188} INFO - [2024-12-01T02:23:15.929+0000] {dag.py:3036} INFO - Sync 1 DAGs
[2024-12-01T02:23:16.152+0000] {logging_mixin.py:188} INFO - [2024-12-01T02:23:16.152+0000] {dag.py:3823} INFO - Setting next_dagrun for create_table to 2024-12-01 00:01:00+00:00, run_after=2024-12-02 00:01:00+00:00
[2024-12-01T02:23:16.184+0000] {processor.py:183} INFO - Processing /opt/airflow/dags/create_table.py took 0.317 seconds
[2024-12-01T02:23:46.409+0000] {processor.py:161} INFO - Started process (PID=3566) to work on /opt/airflow/dags/create_table.py
[2024-12-01T02:23:46.410+0000] {processor.py:830} INFO - Processing file /opt/airflow/dags/create_table.py for tasks to queue
[2024-12-01T02:23:46.411+0000] {logging_mixin.py:188} INFO - [2024-12-01T02:23:46.411+0000] {dagbag.py:538} INFO - Filling up the DagBag from /opt/airflow/dags/create_table.py
[2024-12-01T02:23:46.435+0000] {processor.py:840} INFO - DAG(s) 'create_table' retrieved from /opt/airflow/dags/create_table.py
[2024-12-01T02:23:46.461+0000] {logging_mixin.py:188} INFO - [2024-12-01T02:23:46.461+0000] {dag.py:3036} INFO - Sync 1 DAGs
[2024-12-01T02:23:46.495+0000] {logging_mixin.py:188} INFO - [2024-12-01T02:23:46.495+0000] {dag.py:3823} INFO - Setting next_dagrun for create_table to 2024-12-01 00:01:00+00:00, run_after=2024-12-02 00:01:00+00:00
[2024-12-01T02:23:46.676+0000] {processor.py:183} INFO - Processing /opt/airflow/dags/create_table.py took 0.270 seconds
[2024-12-01T02:24:16.814+0000] {processor.py:161} INFO - Started process (PID=3634) to work on /opt/airflow/dags/create_table.py
[2024-12-01T02:24:16.815+0000] {processor.py:830} INFO - Processing file /opt/airflow/dags/create_table.py for tasks to queue
[2024-12-01T02:24:16.817+0000] {logging_mixin.py:188} INFO - [2024-12-01T02:24:16.816+0000] {dagbag.py:538} INFO - Filling up the DagBag from /opt/airflow/dags/create_table.py
[2024-12-01T02:24:16.852+0000] {processor.py:840} INFO - DAG(s) 'create_table' retrieved from /opt/airflow/dags/create_table.py
[2024-12-01T02:24:16.880+0000] {logging_mixin.py:188} INFO - [2024-12-01T02:24:16.880+0000] {dag.py:3036} INFO - Sync 1 DAGs
[2024-12-01T02:24:16.913+0000] {logging_mixin.py:188} INFO - [2024-12-01T02:24:16.912+0000] {dag.py:3823} INFO - Setting next_dagrun for create_table to 2024-12-01 00:01:00+00:00, run_after=2024-12-02 00:01:00+00:00
[2024-12-01T02:24:16.945+0000] {processor.py:183} INFO - Processing /opt/airflow/dags/create_table.py took 0.135 seconds
[2024-12-01T02:24:47.064+0000] {processor.py:161} INFO - Started process (PID=3703) to work on /opt/airflow/dags/create_table.py
[2024-12-01T02:24:47.065+0000] {processor.py:830} INFO - Processing file /opt/airflow/dags/create_table.py for tasks to queue
[2024-12-01T02:24:47.067+0000] {logging_mixin.py:188} INFO - [2024-12-01T02:24:47.066+0000] {dagbag.py:538} INFO - Filling up the DagBag from /opt/airflow/dags/create_table.py
[2024-12-01T02:24:47.283+0000] {processor.py:840} INFO - DAG(s) 'create_table' retrieved from /opt/airflow/dags/create_table.py
[2024-12-01T02:24:47.310+0000] {logging_mixin.py:188} INFO - [2024-12-01T02:24:47.310+0000] {dag.py:3036} INFO - Sync 1 DAGs
[2024-12-01T02:24:47.343+0000] {logging_mixin.py:188} INFO - [2024-12-01T02:24:47.343+0000] {dag.py:3823} INFO - Setting next_dagrun for create_table to 2024-12-01 00:01:00+00:00, run_after=2024-12-02 00:01:00+00:00
[2024-12-01T02:24:47.374+0000] {processor.py:183} INFO - Processing /opt/airflow/dags/create_table.py took 0.321 seconds
[2024-12-01T02:25:17.459+0000] {processor.py:161} INFO - Started process (PID=3769) to work on /opt/airflow/dags/create_table.py
[2024-12-01T02:25:17.460+0000] {processor.py:830} INFO - Processing file /opt/airflow/dags/create_table.py for tasks to queue
[2024-12-01T02:25:17.463+0000] {logging_mixin.py:188} INFO - [2024-12-01T02:25:17.462+0000] {dagbag.py:538} INFO - Filling up the DagBag from /opt/airflow/dags/create_table.py
[2024-12-01T02:25:17.496+0000] {processor.py:840} INFO - DAG(s) 'create_table' retrieved from /opt/airflow/dags/create_table.py
[2024-12-01T02:25:17.538+0000] {logging_mixin.py:188} INFO - [2024-12-01T02:25:17.538+0000] {dag.py:3036} INFO - Sync 1 DAGs
[2024-12-01T02:25:17.771+0000] {logging_mixin.py:188} INFO - [2024-12-01T02:25:17.771+0000] {dag.py:3823} INFO - Setting next_dagrun for create_table to 2024-12-01 00:01:00+00:00, run_after=2024-12-02 00:01:00+00:00
[2024-12-01T02:25:17.797+0000] {processor.py:183} INFO - Processing /opt/airflow/dags/create_table.py took 0.345 seconds
[2024-12-01T02:25:48.738+0000] {processor.py:161} INFO - Started process (PID=3837) to work on /opt/airflow/dags/create_table.py
[2024-12-01T02:25:48.739+0000] {processor.py:830} INFO - Processing file /opt/airflow/dags/create_table.py for tasks to queue
[2024-12-01T02:25:48.740+0000] {logging_mixin.py:188} INFO - [2024-12-01T02:25:48.740+0000] {dagbag.py:538} INFO - Filling up the DagBag from /opt/airflow/dags/create_table.py
[2024-12-01T02:25:48.787+0000] {processor.py:840} INFO - DAG(s) 'create_table' retrieved from /opt/airflow/dags/create_table.py
[2024-12-01T02:25:48.820+0000] {logging_mixin.py:188} INFO - [2024-12-01T02:25:48.819+0000] {dag.py:3036} INFO - Sync 1 DAGs
[2024-12-01T02:25:48.865+0000] {logging_mixin.py:188} INFO - [2024-12-01T02:25:48.865+0000] {dag.py:3823} INFO - Setting next_dagrun for create_table to 2024-12-01 00:01:00+00:00, run_after=2024-12-02 00:01:00+00:00
[2024-12-01T02:25:48.903+0000] {processor.py:183} INFO - Processing /opt/airflow/dags/create_table.py took 0.171 seconds
[2024-12-01T02:26:19.071+0000] {processor.py:161} INFO - Started process (PID=3905) to work on /opt/airflow/dags/create_table.py
[2024-12-01T02:26:19.074+0000] {processor.py:830} INFO - Processing file /opt/airflow/dags/create_table.py for tasks to queue
[2024-12-01T02:26:19.075+0000] {logging_mixin.py:188} INFO - [2024-12-01T02:26:19.075+0000] {dagbag.py:538} INFO - Filling up the DagBag from /opt/airflow/dags/create_table.py
[2024-12-01T02:26:19.123+0000] {processor.py:840} INFO - DAG(s) 'create_table' retrieved from /opt/airflow/dags/create_table.py
[2024-12-01T02:26:19.154+0000] {logging_mixin.py:188} INFO - [2024-12-01T02:26:19.152+0000] {dag.py:3036} INFO - Sync 1 DAGs
[2024-12-01T02:26:19.194+0000] {logging_mixin.py:188} INFO - [2024-12-01T02:26:19.194+0000] {dag.py:3823} INFO - Setting next_dagrun for create_table to 2024-12-01 00:01:00+00:00, run_after=2024-12-02 00:01:00+00:00
[2024-12-01T02:26:19.251+0000] {processor.py:183} INFO - Processing /opt/airflow/dags/create_table.py took 0.185 seconds
[2024-12-01T02:26:49.325+0000] {processor.py:161} INFO - Started process (PID=3973) to work on /opt/airflow/dags/create_table.py
[2024-12-01T02:26:49.329+0000] {processor.py:830} INFO - Processing file /opt/airflow/dags/create_table.py for tasks to queue
[2024-12-01T02:26:49.334+0000] {logging_mixin.py:188} INFO - [2024-12-01T02:26:49.334+0000] {dagbag.py:538} INFO - Filling up the DagBag from /opt/airflow/dags/create_table.py
[2024-12-01T02:26:49.426+0000] {processor.py:840} INFO - DAG(s) 'create_table' retrieved from /opt/airflow/dags/create_table.py
[2024-12-01T02:26:49.472+0000] {logging_mixin.py:188} INFO - [2024-12-01T02:26:49.472+0000] {dag.py:3036} INFO - Sync 1 DAGs
[2024-12-01T02:26:49.521+0000] {logging_mixin.py:188} INFO - [2024-12-01T02:26:49.520+0000] {dag.py:3823} INFO - Setting next_dagrun for create_table to 2024-12-01 00:01:00+00:00, run_after=2024-12-02 00:01:00+00:00
[2024-12-01T02:26:49.576+0000] {processor.py:183} INFO - Processing /opt/airflow/dags/create_table.py took 0.258 seconds
[2024-12-01T02:27:20.489+0000] {processor.py:161} INFO - Started process (PID=4039) to work on /opt/airflow/dags/create_table.py
[2024-12-01T02:27:20.491+0000] {processor.py:830} INFO - Processing file /opt/airflow/dags/create_table.py for tasks to queue
[2024-12-01T02:27:20.492+0000] {logging_mixin.py:188} INFO - [2024-12-01T02:27:20.491+0000] {dagbag.py:538} INFO - Filling up the DagBag from /opt/airflow/dags/create_table.py
[2024-12-01T02:27:20.527+0000] {processor.py:840} INFO - DAG(s) 'create_table' retrieved from /opt/airflow/dags/create_table.py
[2024-12-01T02:27:20.598+0000] {logging_mixin.py:188} INFO - [2024-12-01T02:27:20.597+0000] {dag.py:3036} INFO - Sync 1 DAGs
[2024-12-01T02:27:20.698+0000] {logging_mixin.py:188} INFO - [2024-12-01T02:27:20.697+0000] {dag.py:3823} INFO - Setting next_dagrun for create_table to 2024-12-01 00:01:00+00:00, run_after=2024-12-02 00:01:00+00:00
[2024-12-01T02:27:20.737+0000] {processor.py:183} INFO - Processing /opt/airflow/dags/create_table.py took 0.253 seconds
[2024-12-01T02:27:50.839+0000] {processor.py:161} INFO - Started process (PID=4107) to work on /opt/airflow/dags/create_table.py
[2024-12-01T02:27:50.840+0000] {processor.py:830} INFO - Processing file /opt/airflow/dags/create_table.py for tasks to queue
[2024-12-01T02:27:50.842+0000] {logging_mixin.py:188} INFO - [2024-12-01T02:27:50.842+0000] {dagbag.py:538} INFO - Filling up the DagBag from /opt/airflow/dags/create_table.py
[2024-12-01T02:27:50.878+0000] {processor.py:840} INFO - DAG(s) 'create_table' retrieved from /opt/airflow/dags/create_table.py
[2024-12-01T02:27:50.923+0000] {logging_mixin.py:188} INFO - [2024-12-01T02:27:50.923+0000] {dag.py:3036} INFO - Sync 1 DAGs
[2024-12-01T02:27:50.992+0000] {logging_mixin.py:188} INFO - [2024-12-01T02:27:50.991+0000] {dag.py:3823} INFO - Setting next_dagrun for create_table to 2024-12-01 00:01:00+00:00, run_after=2024-12-02 00:01:00+00:00
[2024-12-01T02:27:51.045+0000] {processor.py:183} INFO - Processing /opt/airflow/dags/create_table.py took 0.214 seconds
[2024-12-01T02:28:21.520+0000] {processor.py:161} INFO - Started process (PID=4175) to work on /opt/airflow/dags/create_table.py
[2024-12-01T02:28:21.525+0000] {processor.py:830} INFO - Processing file /opt/airflow/dags/create_table.py for tasks to queue
[2024-12-01T02:28:21.526+0000] {logging_mixin.py:188} INFO - [2024-12-01T02:28:21.526+0000] {dagbag.py:538} INFO - Filling up the DagBag from /opt/airflow/dags/create_table.py
[2024-12-01T02:28:21.560+0000] {processor.py:840} INFO - DAG(s) 'create_table' retrieved from /opt/airflow/dags/create_table.py
[2024-12-01T02:28:21.594+0000] {logging_mixin.py:188} INFO - [2024-12-01T02:28:21.593+0000] {dag.py:3036} INFO - Sync 1 DAGs
[2024-12-01T02:28:21.641+0000] {logging_mixin.py:188} INFO - [2024-12-01T02:28:21.641+0000] {dag.py:3823} INFO - Setting next_dagrun for create_table to 2024-12-01 00:01:00+00:00, run_after=2024-12-02 00:01:00+00:00
[2024-12-01T02:28:21.690+0000] {processor.py:183} INFO - Processing /opt/airflow/dags/create_table.py took 0.176 seconds
[2024-12-01T02:28:52.387+0000] {processor.py:161} INFO - Started process (PID=4243) to work on /opt/airflow/dags/create_table.py
[2024-12-01T02:28:52.388+0000] {processor.py:830} INFO - Processing file /opt/airflow/dags/create_table.py for tasks to queue
[2024-12-01T02:28:52.389+0000] {logging_mixin.py:188} INFO - [2024-12-01T02:28:52.389+0000] {dagbag.py:538} INFO - Filling up the DagBag from /opt/airflow/dags/create_table.py
[2024-12-01T02:28:52.424+0000] {processor.py:840} INFO - DAG(s) 'create_table' retrieved from /opt/airflow/dags/create_table.py
[2024-12-01T02:28:52.459+0000] {logging_mixin.py:188} INFO - [2024-12-01T02:28:52.459+0000] {dag.py:3036} INFO - Sync 1 DAGs
[2024-12-01T02:28:52.501+0000] {logging_mixin.py:188} INFO - [2024-12-01T02:28:52.501+0000] {dag.py:3823} INFO - Setting next_dagrun for create_table to 2024-12-01 00:01:00+00:00, run_after=2024-12-02 00:01:00+00:00
[2024-12-01T02:28:52.544+0000] {processor.py:183} INFO - Processing /opt/airflow/dags/create_table.py took 0.162 seconds
[2024-12-01T02:29:23.193+0000] {processor.py:161} INFO - Started process (PID=4312) to work on /opt/airflow/dags/create_table.py
[2024-12-01T02:29:23.201+0000] {processor.py:830} INFO - Processing file /opt/airflow/dags/create_table.py for tasks to queue
[2024-12-01T02:29:23.203+0000] {logging_mixin.py:188} INFO - [2024-12-01T02:29:23.202+0000] {dagbag.py:538} INFO - Filling up the DagBag from /opt/airflow/dags/create_table.py
[2024-12-01T02:29:23.231+0000] {processor.py:840} INFO - DAG(s) 'create_table' retrieved from /opt/airflow/dags/create_table.py
[2024-12-01T02:29:23.267+0000] {logging_mixin.py:188} INFO - [2024-12-01T02:29:23.267+0000] {dag.py:3036} INFO - Sync 1 DAGs
[2024-12-01T02:29:23.307+0000] {logging_mixin.py:188} INFO - [2024-12-01T02:29:23.306+0000] {dag.py:3823} INFO - Setting next_dagrun for create_table to 2024-12-01 00:01:00+00:00, run_after=2024-12-02 00:01:00+00:00
[2024-12-01T02:29:23.340+0000] {processor.py:183} INFO - Processing /opt/airflow/dags/create_table.py took 0.155 seconds
[2024-12-01T02:29:53.546+0000] {processor.py:161} INFO - Started process (PID=4380) to work on /opt/airflow/dags/create_table.py
[2024-12-01T02:29:53.547+0000] {processor.py:830} INFO - Processing file /opt/airflow/dags/create_table.py for tasks to queue
[2024-12-01T02:29:53.552+0000] {logging_mixin.py:188} INFO - [2024-12-01T02:29:53.551+0000] {dagbag.py:538} INFO - Filling up the DagBag from /opt/airflow/dags/create_table.py
[2024-12-01T02:29:53.594+0000] {processor.py:840} INFO - DAG(s) 'create_table' retrieved from /opt/airflow/dags/create_table.py
[2024-12-01T02:29:53.643+0000] {logging_mixin.py:188} INFO - [2024-12-01T02:29:53.642+0000] {dag.py:3036} INFO - Sync 1 DAGs
[2024-12-01T02:29:53.692+0000] {logging_mixin.py:188} INFO - [2024-12-01T02:29:53.692+0000] {dag.py:3823} INFO - Setting next_dagrun for create_table to 2024-12-01 00:01:00+00:00, run_after=2024-12-02 00:01:00+00:00
[2024-12-01T02:29:53.731+0000] {processor.py:183} INFO - Processing /opt/airflow/dags/create_table.py took 0.196 seconds
[2024-12-01T02:30:23.767+0000] {processor.py:161} INFO - Started process (PID=4448) to work on /opt/airflow/dags/create_table.py
[2024-12-01T02:30:23.768+0000] {processor.py:830} INFO - Processing file /opt/airflow/dags/create_table.py for tasks to queue
[2024-12-01T02:30:23.769+0000] {logging_mixin.py:188} INFO - [2024-12-01T02:30:23.769+0000] {dagbag.py:538} INFO - Filling up the DagBag from /opt/airflow/dags/create_table.py
[2024-12-01T02:30:23.794+0000] {processor.py:840} INFO - DAG(s) 'create_table' retrieved from /opt/airflow/dags/create_table.py
[2024-12-01T02:30:23.824+0000] {logging_mixin.py:188} INFO - [2024-12-01T02:30:23.824+0000] {dag.py:3036} INFO - Sync 1 DAGs
[2024-12-01T02:30:23.861+0000] {logging_mixin.py:188} INFO - [2024-12-01T02:30:23.861+0000] {dag.py:3823} INFO - Setting next_dagrun for create_table to 2024-12-01 00:01:00+00:00, run_after=2024-12-02 00:01:00+00:00
[2024-12-01T02:30:23.892+0000] {processor.py:183} INFO - Processing /opt/airflow/dags/create_table.py took 0.129 seconds
[2024-12-01T02:30:54.543+0000] {processor.py:161} INFO - Started process (PID=4516) to work on /opt/airflow/dags/create_table.py
[2024-12-01T02:30:54.544+0000] {processor.py:830} INFO - Processing file /opt/airflow/dags/create_table.py for tasks to queue
[2024-12-01T02:30:54.546+0000] {logging_mixin.py:188} INFO - [2024-12-01T02:30:54.545+0000] {dagbag.py:538} INFO - Filling up the DagBag from /opt/airflow/dags/create_table.py
[2024-12-01T02:30:54.583+0000] {processor.py:840} INFO - DAG(s) 'create_table' retrieved from /opt/airflow/dags/create_table.py
[2024-12-01T02:30:54.644+0000] {logging_mixin.py:188} INFO - [2024-12-01T02:30:54.643+0000] {dag.py:3036} INFO - Sync 1 DAGs
[2024-12-01T02:30:54.687+0000] {logging_mixin.py:188} INFO - [2024-12-01T02:30:54.686+0000] {dag.py:3823} INFO - Setting next_dagrun for create_table to 2024-12-01 00:01:00+00:00, run_after=2024-12-02 00:01:00+00:00
[2024-12-01T02:30:54.720+0000] {processor.py:183} INFO - Processing /opt/airflow/dags/create_table.py took 0.182 seconds
[2024-12-01T02:31:25.251+0000] {processor.py:161} INFO - Started process (PID=4584) to work on /opt/airflow/dags/create_table.py
[2024-12-01T02:31:25.253+0000] {processor.py:830} INFO - Processing file /opt/airflow/dags/create_table.py for tasks to queue
[2024-12-01T02:31:25.254+0000] {logging_mixin.py:188} INFO - [2024-12-01T02:31:25.254+0000] {dagbag.py:538} INFO - Filling up the DagBag from /opt/airflow/dags/create_table.py
[2024-12-01T02:31:25.282+0000] {processor.py:840} INFO - DAG(s) 'create_table' retrieved from /opt/airflow/dags/create_table.py
[2024-12-01T02:31:25.313+0000] {logging_mixin.py:188} INFO - [2024-12-01T02:31:25.313+0000] {dag.py:3036} INFO - Sync 1 DAGs
[2024-12-01T02:31:25.347+0000] {logging_mixin.py:188} INFO - [2024-12-01T02:31:25.346+0000] {dag.py:3823} INFO - Setting next_dagrun for create_table to 2024-12-01 00:01:00+00:00, run_after=2024-12-02 00:01:00+00:00
[2024-12-01T02:31:25.377+0000] {processor.py:183} INFO - Processing /opt/airflow/dags/create_table.py took 0.132 seconds
[2024-12-01T02:31:56.320+0000] {processor.py:161} INFO - Started process (PID=4653) to work on /opt/airflow/dags/create_table.py
[2024-12-01T02:31:56.321+0000] {processor.py:830} INFO - Processing file /opt/airflow/dags/create_table.py for tasks to queue
[2024-12-01T02:31:56.322+0000] {logging_mixin.py:188} INFO - [2024-12-01T02:31:56.322+0000] {dagbag.py:538} INFO - Filling up the DagBag from /opt/airflow/dags/create_table.py
[2024-12-01T02:31:56.349+0000] {processor.py:840} INFO - DAG(s) 'create_table' retrieved from /opt/airflow/dags/create_table.py
[2024-12-01T02:31:56.383+0000] {logging_mixin.py:188} INFO - [2024-12-01T02:31:56.383+0000] {dag.py:3036} INFO - Sync 1 DAGs
[2024-12-01T02:31:56.426+0000] {logging_mixin.py:188} INFO - [2024-12-01T02:31:56.426+0000] {dag.py:3823} INFO - Setting next_dagrun for create_table to 2024-12-01 00:01:00+00:00, run_after=2024-12-02 00:01:00+00:00
[2024-12-01T02:31:56.456+0000] {processor.py:183} INFO - Processing /opt/airflow/dags/create_table.py took 0.141 seconds
[2024-12-01T02:32:27.440+0000] {processor.py:161} INFO - Started process (PID=4728) to work on /opt/airflow/dags/create_table.py
[2024-12-01T02:32:27.441+0000] {processor.py:830} INFO - Processing file /opt/airflow/dags/create_table.py for tasks to queue
[2024-12-01T02:32:27.443+0000] {logging_mixin.py:188} INFO - [2024-12-01T02:32:27.442+0000] {dagbag.py:538} INFO - Filling up the DagBag from /opt/airflow/dags/create_table.py
[2024-12-01T02:32:27.468+0000] {processor.py:840} INFO - DAG(s) 'create_table' retrieved from /opt/airflow/dags/create_table.py
[2024-12-01T02:32:27.502+0000] {logging_mixin.py:188} INFO - [2024-12-01T02:32:27.502+0000] {dag.py:3036} INFO - Sync 1 DAGs
[2024-12-01T02:32:27.547+0000] {logging_mixin.py:188} INFO - [2024-12-01T02:32:27.546+0000] {dag.py:3823} INFO - Setting next_dagrun for create_table to 2024-12-01 00:01:00+00:00, run_after=2024-12-02 00:01:00+00:00
[2024-12-01T02:32:27.582+0000] {processor.py:183} INFO - Processing /opt/airflow/dags/create_table.py took 0.151 seconds
[2024-12-01T02:32:57.821+0000] {processor.py:161} INFO - Started process (PID=4797) to work on /opt/airflow/dags/create_table.py
[2024-12-01T02:32:57.822+0000] {processor.py:830} INFO - Processing file /opt/airflow/dags/create_table.py for tasks to queue
[2024-12-01T02:32:57.823+0000] {logging_mixin.py:188} INFO - [2024-12-01T02:32:57.823+0000] {dagbag.py:538} INFO - Filling up the DagBag from /opt/airflow/dags/create_table.py
[2024-12-01T02:32:57.855+0000] {processor.py:840} INFO - DAG(s) 'create_table' retrieved from /opt/airflow/dags/create_table.py
[2024-12-01T02:32:57.890+0000] {logging_mixin.py:188} INFO - [2024-12-01T02:32:57.889+0000] {dag.py:3036} INFO - Sync 1 DAGs
[2024-12-01T02:32:57.937+0000] {logging_mixin.py:188} INFO - [2024-12-01T02:32:57.936+0000] {dag.py:3823} INFO - Setting next_dagrun for create_table to 2024-12-01 00:01:00+00:00, run_after=2024-12-02 00:01:00+00:00
[2024-12-01T02:32:57.980+0000] {processor.py:183} INFO - Processing /opt/airflow/dags/create_table.py took 0.163 seconds
[2024-12-01T02:33:28.207+0000] {processor.py:161} INFO - Started process (PID=4866) to work on /opt/airflow/dags/create_table.py
[2024-12-01T02:33:28.209+0000] {processor.py:830} INFO - Processing file /opt/airflow/dags/create_table.py for tasks to queue
[2024-12-01T02:33:28.211+0000] {logging_mixin.py:188} INFO - [2024-12-01T02:33:28.211+0000] {dagbag.py:538} INFO - Filling up the DagBag from /opt/airflow/dags/create_table.py
[2024-12-01T02:33:28.241+0000] {processor.py:840} INFO - DAG(s) 'create_table' retrieved from /opt/airflow/dags/create_table.py
[2024-12-01T02:33:28.269+0000] {logging_mixin.py:188} INFO - [2024-12-01T02:33:28.269+0000] {dag.py:3036} INFO - Sync 1 DAGs
[2024-12-01T02:33:28.323+0000] {logging_mixin.py:188} INFO - [2024-12-01T02:33:28.322+0000] {dag.py:3823} INFO - Setting next_dagrun for create_table to 2024-12-01 00:01:00+00:00, run_after=2024-12-02 00:01:00+00:00
[2024-12-01T02:33:28.376+0000] {processor.py:183} INFO - Processing /opt/airflow/dags/create_table.py took 0.174 seconds
[2024-12-01T02:33:58.858+0000] {processor.py:161} INFO - Started process (PID=4933) to work on /opt/airflow/dags/create_table.py
[2024-12-01T02:33:58.859+0000] {processor.py:830} INFO - Processing file /opt/airflow/dags/create_table.py for tasks to queue
[2024-12-01T02:33:58.860+0000] {logging_mixin.py:188} INFO - [2024-12-01T02:33:58.860+0000] {dagbag.py:538} INFO - Filling up the DagBag from /opt/airflow/dags/create_table.py
[2024-12-01T02:33:58.894+0000] {processor.py:840} INFO - DAG(s) 'create_table' retrieved from /opt/airflow/dags/create_table.py
[2024-12-01T02:33:58.928+0000] {logging_mixin.py:188} INFO - [2024-12-01T02:33:58.928+0000] {dag.py:3036} INFO - Sync 1 DAGs
[2024-12-01T02:33:58.976+0000] {logging_mixin.py:188} INFO - [2024-12-01T02:33:58.975+0000] {dag.py:3823} INFO - Setting next_dagrun for create_table to 2024-12-01 00:01:00+00:00, run_after=2024-12-02 00:01:00+00:00
[2024-12-01T02:33:59.050+0000] {processor.py:183} INFO - Processing /opt/airflow/dags/create_table.py took 0.198 seconds
[2024-12-01T02:34:29.648+0000] {processor.py:161} INFO - Started process (PID=5001) to work on /opt/airflow/dags/create_table.py
[2024-12-01T02:34:29.650+0000] {processor.py:830} INFO - Processing file /opt/airflow/dags/create_table.py for tasks to queue
[2024-12-01T02:34:29.651+0000] {logging_mixin.py:188} INFO - [2024-12-01T02:34:29.651+0000] {dagbag.py:538} INFO - Filling up the DagBag from /opt/airflow/dags/create_table.py
[2024-12-01T02:34:29.687+0000] {processor.py:840} INFO - DAG(s) 'create_table' retrieved from /opt/airflow/dags/create_table.py
[2024-12-01T02:34:29.716+0000] {logging_mixin.py:188} INFO - [2024-12-01T02:34:29.716+0000] {dag.py:3036} INFO - Sync 1 DAGs
[2024-12-01T02:34:29.762+0000] {logging_mixin.py:188} INFO - [2024-12-01T02:34:29.762+0000] {dag.py:3823} INFO - Setting next_dagrun for create_table to 2024-12-01 00:01:00+00:00, run_after=2024-12-02 00:01:00+00:00
[2024-12-01T02:34:29.797+0000] {processor.py:183} INFO - Processing /opt/airflow/dags/create_table.py took 0.155 seconds
[2024-12-01T02:35:00.170+0000] {processor.py:161} INFO - Started process (PID=5070) to work on /opt/airflow/dags/create_table.py
[2024-12-01T02:35:00.171+0000] {processor.py:830} INFO - Processing file /opt/airflow/dags/create_table.py for tasks to queue
[2024-12-01T02:35:00.172+0000] {logging_mixin.py:188} INFO - [2024-12-01T02:35:00.172+0000] {dagbag.py:538} INFO - Filling up the DagBag from /opt/airflow/dags/create_table.py
[2024-12-01T02:35:00.205+0000] {processor.py:840} INFO - DAG(s) 'create_table' retrieved from /opt/airflow/dags/create_table.py
[2024-12-01T02:35:00.235+0000] {logging_mixin.py:188} INFO - [2024-12-01T02:35:00.234+0000] {dag.py:3036} INFO - Sync 1 DAGs
[2024-12-01T02:35:00.279+0000] {logging_mixin.py:188} INFO - [2024-12-01T02:35:00.279+0000] {dag.py:3823} INFO - Setting next_dagrun for create_table to 2024-12-01 00:01:00+00:00, run_after=2024-12-02 00:01:00+00:00
[2024-12-01T02:35:00.317+0000] {processor.py:183} INFO - Processing /opt/airflow/dags/create_table.py took 0.152 seconds
[2024-12-01T02:35:30.702+0000] {processor.py:161} INFO - Started process (PID=5138) to work on /opt/airflow/dags/create_table.py
[2024-12-01T02:35:30.703+0000] {processor.py:830} INFO - Processing file /opt/airflow/dags/create_table.py for tasks to queue
[2024-12-01T02:35:30.704+0000] {logging_mixin.py:188} INFO - [2024-12-01T02:35:30.704+0000] {dagbag.py:538} INFO - Filling up the DagBag from /opt/airflow/dags/create_table.py
[2024-12-01T02:35:30.731+0000] {processor.py:840} INFO - DAG(s) 'create_table' retrieved from /opt/airflow/dags/create_table.py
[2024-12-01T02:35:30.760+0000] {logging_mixin.py:188} INFO - [2024-12-01T02:35:30.759+0000] {dag.py:3036} INFO - Sync 1 DAGs
[2024-12-01T02:35:30.797+0000] {logging_mixin.py:188} INFO - [2024-12-01T02:35:30.796+0000] {dag.py:3823} INFO - Setting next_dagrun for create_table to 2024-12-01 00:01:00+00:00, run_after=2024-12-02 00:01:00+00:00
[2024-12-01T02:35:30.836+0000] {processor.py:183} INFO - Processing /opt/airflow/dags/create_table.py took 0.139 seconds
[2024-12-01T02:36:01.632+0000] {processor.py:161} INFO - Started process (PID=5206) to work on /opt/airflow/dags/create_table.py
[2024-12-01T02:36:01.633+0000] {processor.py:830} INFO - Processing file /opt/airflow/dags/create_table.py for tasks to queue
[2024-12-01T02:36:01.634+0000] {logging_mixin.py:188} INFO - [2024-12-01T02:36:01.633+0000] {dagbag.py:538} INFO - Filling up the DagBag from /opt/airflow/dags/create_table.py
[2024-12-01T02:36:01.662+0000] {processor.py:840} INFO - DAG(s) 'create_table' retrieved from /opt/airflow/dags/create_table.py
[2024-12-01T02:36:01.694+0000] {logging_mixin.py:188} INFO - [2024-12-01T02:36:01.694+0000] {dag.py:3036} INFO - Sync 1 DAGs
[2024-12-01T02:36:01.740+0000] {logging_mixin.py:188} INFO - [2024-12-01T02:36:01.739+0000] {dag.py:3823} INFO - Setting next_dagrun for create_table to 2024-12-01 00:01:00+00:00, run_after=2024-12-02 00:01:00+00:00
[2024-12-01T02:36:01.778+0000] {processor.py:183} INFO - Processing /opt/airflow/dags/create_table.py took 0.150 seconds
[2024-12-01T02:36:32.344+0000] {processor.py:161} INFO - Started process (PID=5275) to work on /opt/airflow/dags/create_table.py
[2024-12-01T02:36:32.346+0000] {processor.py:830} INFO - Processing file /opt/airflow/dags/create_table.py for tasks to queue
[2024-12-01T02:36:32.347+0000] {logging_mixin.py:188} INFO - [2024-12-01T02:36:32.347+0000] {dagbag.py:538} INFO - Filling up the DagBag from /opt/airflow/dags/create_table.py
[2024-12-01T02:36:32.376+0000] {processor.py:840} INFO - DAG(s) 'create_table' retrieved from /opt/airflow/dags/create_table.py
[2024-12-01T02:36:32.405+0000] {logging_mixin.py:188} INFO - [2024-12-01T02:36:32.405+0000] {dag.py:3036} INFO - Sync 1 DAGs
[2024-12-01T02:36:32.447+0000] {logging_mixin.py:188} INFO - [2024-12-01T02:36:32.446+0000] {dag.py:3823} INFO - Setting next_dagrun for create_table to 2024-12-01 00:01:00+00:00, run_after=2024-12-02 00:01:00+00:00
[2024-12-01T02:36:32.476+0000] {processor.py:183} INFO - Processing /opt/airflow/dags/create_table.py took 0.136 seconds
[2024-12-01T02:37:03.228+0000] {processor.py:161} INFO - Started process (PID=5352) to work on /opt/airflow/dags/create_table.py
[2024-12-01T02:37:03.229+0000] {processor.py:830} INFO - Processing file /opt/airflow/dags/create_table.py for tasks to queue
[2024-12-01T02:37:03.230+0000] {logging_mixin.py:188} INFO - [2024-12-01T02:37:03.230+0000] {dagbag.py:538} INFO - Filling up the DagBag from /opt/airflow/dags/create_table.py
[2024-12-01T02:37:03.259+0000] {processor.py:840} INFO - DAG(s) 'create_table' retrieved from /opt/airflow/dags/create_table.py
[2024-12-01T02:37:03.288+0000] {logging_mixin.py:188} INFO - [2024-12-01T02:37:03.288+0000] {dag.py:3036} INFO - Sync 1 DAGs
[2024-12-01T02:37:03.328+0000] {logging_mixin.py:188} INFO - [2024-12-01T02:37:03.328+0000] {dag.py:3823} INFO - Setting next_dagrun for create_table to 2024-12-01 00:01:00+00:00, run_after=2024-12-02 00:01:00+00:00
[2024-12-01T02:37:03.367+0000] {processor.py:183} INFO - Processing /opt/airflow/dags/create_table.py took 0.143 seconds
[2024-12-01T02:37:33.445+0000] {processor.py:161} INFO - Started process (PID=5428) to work on /opt/airflow/dags/create_table.py
[2024-12-01T02:37:33.446+0000] {processor.py:830} INFO - Processing file /opt/airflow/dags/create_table.py for tasks to queue
[2024-12-01T02:37:33.447+0000] {logging_mixin.py:188} INFO - [2024-12-01T02:37:33.447+0000] {dagbag.py:538} INFO - Filling up the DagBag from /opt/airflow/dags/create_table.py
[2024-12-01T02:37:33.479+0000] {processor.py:840} INFO - DAG(s) 'create_table' retrieved from /opt/airflow/dags/create_table.py
[2024-12-01T02:37:33.510+0000] {logging_mixin.py:188} INFO - [2024-12-01T02:37:33.510+0000] {dag.py:3036} INFO - Sync 1 DAGs
[2024-12-01T02:37:33.552+0000] {logging_mixin.py:188} INFO - [2024-12-01T02:37:33.552+0000] {dag.py:3823} INFO - Setting next_dagrun for create_table to 2024-12-01 00:01:00+00:00, run_after=2024-12-02 00:01:00+00:00
[2024-12-01T02:37:33.586+0000] {processor.py:183} INFO - Processing /opt/airflow/dags/create_table.py took 0.146 seconds
[2024-12-01T02:38:03.753+0000] {processor.py:161} INFO - Started process (PID=5496) to work on /opt/airflow/dags/create_table.py
[2024-12-01T02:38:03.754+0000] {processor.py:830} INFO - Processing file /opt/airflow/dags/create_table.py for tasks to queue
[2024-12-01T02:38:03.755+0000] {logging_mixin.py:188} INFO - [2024-12-01T02:38:03.755+0000] {dagbag.py:538} INFO - Filling up the DagBag from /opt/airflow/dags/create_table.py
[2024-12-01T02:38:03.787+0000] {processor.py:840} INFO - DAG(s) 'create_table' retrieved from /opt/airflow/dags/create_table.py
[2024-12-01T02:38:03.818+0000] {logging_mixin.py:188} INFO - [2024-12-01T02:38:03.817+0000] {dag.py:3036} INFO - Sync 1 DAGs
[2024-12-01T02:38:03.859+0000] {logging_mixin.py:188} INFO - [2024-12-01T02:38:03.859+0000] {dag.py:3823} INFO - Setting next_dagrun for create_table to 2024-12-01 00:01:00+00:00, run_after=2024-12-02 00:01:00+00:00
[2024-12-01T02:38:03.911+0000] {processor.py:183} INFO - Processing /opt/airflow/dags/create_table.py took 0.163 seconds
[2024-12-01T02:38:34.199+0000] {processor.py:161} INFO - Started process (PID=5566) to work on /opt/airflow/dags/create_table.py
[2024-12-01T02:38:34.200+0000] {processor.py:830} INFO - Processing file /opt/airflow/dags/create_table.py for tasks to queue
[2024-12-01T02:38:34.201+0000] {logging_mixin.py:188} INFO - [2024-12-01T02:38:34.201+0000] {dagbag.py:538} INFO - Filling up the DagBag from /opt/airflow/dags/create_table.py
[2024-12-01T02:38:34.231+0000] {processor.py:840} INFO - DAG(s) 'create_table' retrieved from /opt/airflow/dags/create_table.py
[2024-12-01T02:38:34.263+0000] {logging_mixin.py:188} INFO - [2024-12-01T02:38:34.263+0000] {dag.py:3036} INFO - Sync 1 DAGs
[2024-12-01T02:38:34.306+0000] {logging_mixin.py:188} INFO - [2024-12-01T02:38:34.306+0000] {dag.py:3823} INFO - Setting next_dagrun for create_table to 2024-12-01 00:01:00+00:00, run_after=2024-12-02 00:01:00+00:00
[2024-12-01T02:38:34.337+0000] {processor.py:183} INFO - Processing /opt/airflow/dags/create_table.py took 0.143 seconds
[2024-12-01T02:39:04.586+0000] {processor.py:161} INFO - Started process (PID=5634) to work on /opt/airflow/dags/create_table.py
[2024-12-01T02:39:04.588+0000] {processor.py:830} INFO - Processing file /opt/airflow/dags/create_table.py for tasks to queue
[2024-12-01T02:39:04.589+0000] {logging_mixin.py:188} INFO - [2024-12-01T02:39:04.589+0000] {dagbag.py:538} INFO - Filling up the DagBag from /opt/airflow/dags/create_table.py
[2024-12-01T02:39:04.617+0000] {processor.py:840} INFO - DAG(s) 'create_table' retrieved from /opt/airflow/dags/create_table.py
[2024-12-01T02:39:04.643+0000] {logging_mixin.py:188} INFO - [2024-12-01T02:39:04.643+0000] {dag.py:3036} INFO - Sync 1 DAGs
[2024-12-01T02:39:04.679+0000] {logging_mixin.py:188} INFO - [2024-12-01T02:39:04.679+0000] {dag.py:3823} INFO - Setting next_dagrun for create_table to 2024-12-01 00:01:00+00:00, run_after=2024-12-02 00:01:00+00:00
[2024-12-01T02:39:04.707+0000] {processor.py:183} INFO - Processing /opt/airflow/dags/create_table.py took 0.127 seconds
