[2024-12-01T01:57:55.562+0000] {processor.py:161} INFO - Started process (PID=78) to work on /opt/airflow/dags/hello_world.py
[2024-12-01T01:57:55.563+0000] {processor.py:830} INFO - Processing file /opt/airflow/dags/hello_world.py for tasks to queue
[2024-12-01T01:57:55.574+0000] {logging_mixin.py:188} INFO - [2024-12-01T01:57:55.573+0000] {dagbag.py:538} INFO - Filling up the DagBag from /opt/airflow/dags/hello_world.py
[2024-12-01T01:57:56.390+0000] {processor.py:840} INFO - DAG(s) 'hello_world' retrieved from /opt/airflow/dags/hello_world.py
[2024-12-01T01:57:56.625+0000] {logging_mixin.py:188} INFO - [2024-12-01T01:57:56.624+0000] {override.py:1769} INFO - Created Permission View: can edit on DAG:hello_world
[2024-12-01T01:57:56.648+0000] {logging_mixin.py:188} INFO - [2024-12-01T01:57:56.648+0000] {override.py:1769} INFO - Created Permission View: can read on DAG:hello_world
[2024-12-01T01:57:56.662+0000] {logging_mixin.py:188} INFO - [2024-12-01T01:57:56.661+0000] {override.py:1769} INFO - Created Permission View: can delete on DAG:hello_world
[2024-12-01T01:57:56.666+0000] {logging_mixin.py:188} INFO - [2024-12-01T01:57:56.664+0000] {dag.py:3036} INFO - Sync 1 DAGs
[2024-12-01T01:57:56.687+0000] {logging_mixin.py:188} INFO - [2024-12-01T01:57:56.687+0000] {dag.py:3058} INFO - Creating ORM DAG for hello_world
[2024-12-01T01:57:56.708+0000] {logging_mixin.py:188} INFO - [2024-12-01T01:57:56.707+0000] {dag.py:3823} INFO - Setting next_dagrun for hello_world to 2024-12-01 00:01:00+00:00, run_after=2024-12-02 00:01:00+00:00
[2024-12-01T01:57:56.744+0000] {processor.py:183} INFO - Processing /opt/airflow/dags/hello_world.py took 1.187 seconds
[2024-12-01T01:58:27.661+0000] {processor.py:161} INFO - Started process (PID=145) to work on /opt/airflow/dags/hello_world.py
[2024-12-01T01:58:27.670+0000] {processor.py:830} INFO - Processing file /opt/airflow/dags/hello_world.py for tasks to queue
[2024-12-01T01:58:27.673+0000] {logging_mixin.py:188} INFO - [2024-12-01T01:58:27.673+0000] {dagbag.py:538} INFO - Filling up the DagBag from /opt/airflow/dags/hello_world.py
[2024-12-01T01:58:27.792+0000] {processor.py:840} INFO - DAG(s) 'hello_world' retrieved from /opt/airflow/dags/hello_world.py
[2024-12-01T01:58:27.830+0000] {logging_mixin.py:188} INFO - [2024-12-01T01:58:27.829+0000] {dag.py:3036} INFO - Sync 1 DAGs
[2024-12-01T01:58:27.885+0000] {logging_mixin.py:188} INFO - [2024-12-01T01:58:27.885+0000] {dag.py:3823} INFO - Setting next_dagrun for hello_world to 2024-12-01 00:01:00+00:00, run_after=2024-12-02 00:01:00+00:00
[2024-12-01T01:58:27.922+0000] {processor.py:183} INFO - Processing /opt/airflow/dags/hello_world.py took 0.265 seconds
[2024-12-01T01:58:58.006+0000] {processor.py:161} INFO - Started process (PID=213) to work on /opt/airflow/dags/hello_world.py
[2024-12-01T01:58:58.007+0000] {processor.py:830} INFO - Processing file /opt/airflow/dags/hello_world.py for tasks to queue
[2024-12-01T01:58:58.009+0000] {logging_mixin.py:188} INFO - [2024-12-01T01:58:58.009+0000] {dagbag.py:538} INFO - Filling up the DagBag from /opt/airflow/dags/hello_world.py
[2024-12-01T01:58:58.109+0000] {processor.py:840} INFO - DAG(s) 'hello_world' retrieved from /opt/airflow/dags/hello_world.py
[2024-12-01T01:58:58.139+0000] {logging_mixin.py:188} INFO - [2024-12-01T01:58:58.139+0000] {dag.py:3036} INFO - Sync 1 DAGs
[2024-12-01T01:58:58.182+0000] {logging_mixin.py:188} INFO - [2024-12-01T01:58:58.182+0000] {dag.py:3823} INFO - Setting next_dagrun for hello_world to 2024-12-01 00:01:00+00:00, run_after=2024-12-02 00:01:00+00:00
[2024-12-01T01:58:58.217+0000] {processor.py:183} INFO - Processing /opt/airflow/dags/hello_world.py took 0.215 seconds
[2024-12-01T01:59:28.370+0000] {processor.py:161} INFO - Started process (PID=280) to work on /opt/airflow/dags/hello_world.py
[2024-12-01T01:59:28.371+0000] {processor.py:830} INFO - Processing file /opt/airflow/dags/hello_world.py for tasks to queue
[2024-12-01T01:59:28.373+0000] {logging_mixin.py:188} INFO - [2024-12-01T01:59:28.373+0000] {dagbag.py:538} INFO - Filling up the DagBag from /opt/airflow/dags/hello_world.py
[2024-12-01T01:59:28.482+0000] {processor.py:840} INFO - DAG(s) 'hello_world' retrieved from /opt/airflow/dags/hello_world.py
[2024-12-01T01:59:28.511+0000] {logging_mixin.py:188} INFO - [2024-12-01T01:59:28.511+0000] {dag.py:3036} INFO - Sync 1 DAGs
[2024-12-01T01:59:28.556+0000] {logging_mixin.py:188} INFO - [2024-12-01T01:59:28.555+0000] {dag.py:3823} INFO - Setting next_dagrun for hello_world to 2024-12-01 00:01:00+00:00, run_after=2024-12-02 00:01:00+00:00
[2024-12-01T01:59:28.599+0000] {processor.py:183} INFO - Processing /opt/airflow/dags/hello_world.py took 0.235 seconds
[2024-12-01T01:59:58.823+0000] {processor.py:161} INFO - Started process (PID=345) to work on /opt/airflow/dags/hello_world.py
[2024-12-01T01:59:58.824+0000] {processor.py:830} INFO - Processing file /opt/airflow/dags/hello_world.py for tasks to queue
[2024-12-01T01:59:58.826+0000] {logging_mixin.py:188} INFO - [2024-12-01T01:59:58.825+0000] {dagbag.py:538} INFO - Filling up the DagBag from /opt/airflow/dags/hello_world.py
[2024-12-01T01:59:58.931+0000] {processor.py:840} INFO - DAG(s) 'hello_world' retrieved from /opt/airflow/dags/hello_world.py
[2024-12-01T01:59:58.957+0000] {logging_mixin.py:188} INFO - [2024-12-01T01:59:58.957+0000] {dag.py:3036} INFO - Sync 1 DAGs
[2024-12-01T01:59:58.999+0000] {logging_mixin.py:188} INFO - [2024-12-01T01:59:58.998+0000] {dag.py:3823} INFO - Setting next_dagrun for hello_world to 2024-12-01 00:01:00+00:00, run_after=2024-12-02 00:01:00+00:00
[2024-12-01T01:59:59.027+0000] {processor.py:183} INFO - Processing /opt/airflow/dags/hello_world.py took 0.209 seconds
[2024-12-01T02:00:29.175+0000] {processor.py:161} INFO - Started process (PID=411) to work on /opt/airflow/dags/hello_world.py
[2024-12-01T02:00:29.177+0000] {processor.py:830} INFO - Processing file /opt/airflow/dags/hello_world.py for tasks to queue
[2024-12-01T02:00:29.179+0000] {logging_mixin.py:188} INFO - [2024-12-01T02:00:29.179+0000] {dagbag.py:538} INFO - Filling up the DagBag from /opt/airflow/dags/hello_world.py
[2024-12-01T02:00:29.276+0000] {processor.py:840} INFO - DAG(s) 'hello_world' retrieved from /opt/airflow/dags/hello_world.py
[2024-12-01T02:00:29.303+0000] {logging_mixin.py:188} INFO - [2024-12-01T02:00:29.303+0000] {dag.py:3036} INFO - Sync 1 DAGs
[2024-12-01T02:00:29.340+0000] {logging_mixin.py:188} INFO - [2024-12-01T02:00:29.340+0000] {dag.py:3823} INFO - Setting next_dagrun for hello_world to 2024-12-01 00:01:00+00:00, run_after=2024-12-02 00:01:00+00:00
[2024-12-01T02:00:29.370+0000] {processor.py:183} INFO - Processing /opt/airflow/dags/hello_world.py took 0.199 seconds
[2024-12-01T02:00:59.524+0000] {processor.py:161} INFO - Started process (PID=484) to work on /opt/airflow/dags/hello_world.py
[2024-12-01T02:00:59.526+0000] {processor.py:830} INFO - Processing file /opt/airflow/dags/hello_world.py for tasks to queue
[2024-12-01T02:00:59.528+0000] {logging_mixin.py:188} INFO - [2024-12-01T02:00:59.528+0000] {dagbag.py:538} INFO - Filling up the DagBag from /opt/airflow/dags/hello_world.py
[2024-12-01T02:00:59.624+0000] {processor.py:840} INFO - DAG(s) 'hello_world' retrieved from /opt/airflow/dags/hello_world.py
[2024-12-01T02:00:59.650+0000] {logging_mixin.py:188} INFO - [2024-12-01T02:00:59.650+0000] {dag.py:3036} INFO - Sync 1 DAGs
[2024-12-01T02:00:59.684+0000] {logging_mixin.py:188} INFO - [2024-12-01T02:00:59.683+0000] {dag.py:3823} INFO - Setting next_dagrun for hello_world to 2024-12-01 00:01:00+00:00, run_after=2024-12-02 00:01:00+00:00
[2024-12-01T02:00:59.717+0000] {processor.py:183} INFO - Processing /opt/airflow/dags/hello_world.py took 0.197 seconds
[2024-12-01T02:01:30.256+0000] {processor.py:161} INFO - Started process (PID=549) to work on /opt/airflow/dags/hello_world.py
[2024-12-01T02:01:30.257+0000] {processor.py:830} INFO - Processing file /opt/airflow/dags/hello_world.py for tasks to queue
[2024-12-01T02:01:30.261+0000] {logging_mixin.py:188} INFO - [2024-12-01T02:01:30.260+0000] {dagbag.py:538} INFO - Filling up the DagBag from /opt/airflow/dags/hello_world.py
[2024-12-01T02:01:30.389+0000] {processor.py:840} INFO - DAG(s) 'hello_world' retrieved from /opt/airflow/dags/hello_world.py
[2024-12-01T02:01:30.428+0000] {logging_mixin.py:188} INFO - [2024-12-01T02:01:30.427+0000] {dag.py:3036} INFO - Sync 1 DAGs
[2024-12-01T02:01:30.496+0000] {logging_mixin.py:188} INFO - [2024-12-01T02:01:30.495+0000] {dag.py:3823} INFO - Setting next_dagrun for hello_world to 2024-12-01 00:01:00+00:00, run_after=2024-12-02 00:01:00+00:00
[2024-12-01T02:01:30.586+0000] {processor.py:183} INFO - Processing /opt/airflow/dags/hello_world.py took 0.336 seconds
[2024-12-01T02:02:01.364+0000] {processor.py:161} INFO - Started process (PID=614) to work on /opt/airflow/dags/hello_world.py
[2024-12-01T02:02:01.370+0000] {processor.py:830} INFO - Processing file /opt/airflow/dags/hello_world.py for tasks to queue
[2024-12-01T02:02:01.372+0000] {logging_mixin.py:188} INFO - [2024-12-01T02:02:01.372+0000] {dagbag.py:538} INFO - Filling up the DagBag from /opt/airflow/dags/hello_world.py
[2024-12-01T02:02:01.530+0000] {processor.py:840} INFO - DAG(s) 'hello_world' retrieved from /opt/airflow/dags/hello_world.py
[2024-12-01T02:02:01.558+0000] {logging_mixin.py:188} INFO - [2024-12-01T02:02:01.558+0000] {dag.py:3036} INFO - Sync 1 DAGs
[2024-12-01T02:02:01.604+0000] {logging_mixin.py:188} INFO - [2024-12-01T02:02:01.603+0000] {dag.py:3823} INFO - Setting next_dagrun for hello_world to 2024-12-01 00:01:00+00:00, run_after=2024-12-02 00:01:00+00:00
[2024-12-01T02:02:01.637+0000] {processor.py:183} INFO - Processing /opt/airflow/dags/hello_world.py took 0.283 seconds
[2024-12-01T02:02:31.720+0000] {processor.py:161} INFO - Started process (PID=682) to work on /opt/airflow/dags/hello_world.py
[2024-12-01T02:02:31.723+0000] {processor.py:830} INFO - Processing file /opt/airflow/dags/hello_world.py for tasks to queue
[2024-12-01T02:02:31.725+0000] {logging_mixin.py:188} INFO - [2024-12-01T02:02:31.725+0000] {dagbag.py:538} INFO - Filling up the DagBag from /opt/airflow/dags/hello_world.py
[2024-12-01T02:02:31.832+0000] {processor.py:840} INFO - DAG(s) 'hello_world' retrieved from /opt/airflow/dags/hello_world.py
[2024-12-01T02:02:31.868+0000] {logging_mixin.py:188} INFO - [2024-12-01T02:02:31.868+0000] {dag.py:3036} INFO - Sync 1 DAGs
[2024-12-01T02:02:31.915+0000] {logging_mixin.py:188} INFO - [2024-12-01T02:02:31.915+0000] {dag.py:3823} INFO - Setting next_dagrun for hello_world to 2024-12-01 00:01:00+00:00, run_after=2024-12-02 00:01:00+00:00
[2024-12-01T02:02:31.952+0000] {processor.py:183} INFO - Processing /opt/airflow/dags/hello_world.py took 0.238 seconds
[2024-12-01T02:03:02.077+0000] {processor.py:161} INFO - Started process (PID=749) to work on /opt/airflow/dags/hello_world.py
[2024-12-01T02:03:02.079+0000] {processor.py:830} INFO - Processing file /opt/airflow/dags/hello_world.py for tasks to queue
[2024-12-01T02:03:02.082+0000] {logging_mixin.py:188} INFO - [2024-12-01T02:03:02.081+0000] {dagbag.py:538} INFO - Filling up the DagBag from /opt/airflow/dags/hello_world.py
[2024-12-01T02:03:02.253+0000] {processor.py:840} INFO - DAG(s) 'hello_world' retrieved from /opt/airflow/dags/hello_world.py
[2024-12-01T02:03:02.286+0000] {logging_mixin.py:188} INFO - [2024-12-01T02:03:02.286+0000] {dag.py:3036} INFO - Sync 1 DAGs
[2024-12-01T02:03:02.339+0000] {logging_mixin.py:188} INFO - [2024-12-01T02:03:02.339+0000] {dag.py:3823} INFO - Setting next_dagrun for hello_world to 2024-12-01 00:01:00+00:00, run_after=2024-12-02 00:01:00+00:00
[2024-12-01T02:03:02.371+0000] {processor.py:183} INFO - Processing /opt/airflow/dags/hello_world.py took 0.301 seconds
[2024-12-01T02:03:32.505+0000] {processor.py:161} INFO - Started process (PID=816) to work on /opt/airflow/dags/hello_world.py
[2024-12-01T02:03:32.507+0000] {processor.py:830} INFO - Processing file /opt/airflow/dags/hello_world.py for tasks to queue
[2024-12-01T02:03:32.509+0000] {logging_mixin.py:188} INFO - [2024-12-01T02:03:32.508+0000] {dagbag.py:538} INFO - Filling up the DagBag from /opt/airflow/dags/hello_world.py
[2024-12-01T02:03:32.603+0000] {processor.py:840} INFO - DAG(s) 'hello_world' retrieved from /opt/airflow/dags/hello_world.py
[2024-12-01T02:03:32.630+0000] {logging_mixin.py:188} INFO - [2024-12-01T02:03:32.629+0000] {dag.py:3036} INFO - Sync 1 DAGs
[2024-12-01T02:03:32.666+0000] {logging_mixin.py:188} INFO - [2024-12-01T02:03:32.666+0000] {dag.py:3823} INFO - Setting next_dagrun for hello_world to 2024-12-01 00:01:00+00:00, run_after=2024-12-02 00:01:00+00:00
[2024-12-01T02:03:32.692+0000] {processor.py:183} INFO - Processing /opt/airflow/dags/hello_world.py took 0.191 seconds
[2024-12-01T02:04:03.213+0000] {processor.py:161} INFO - Started process (PID=882) to work on /opt/airflow/dags/hello_world.py
[2024-12-01T02:04:03.214+0000] {processor.py:830} INFO - Processing file /opt/airflow/dags/hello_world.py for tasks to queue
[2024-12-01T02:04:03.217+0000] {logging_mixin.py:188} INFO - [2024-12-01T02:04:03.217+0000] {dagbag.py:538} INFO - Filling up the DagBag from /opt/airflow/dags/hello_world.py
[2024-12-01T02:04:03.328+0000] {processor.py:840} INFO - DAG(s) 'hello_world' retrieved from /opt/airflow/dags/hello_world.py
[2024-12-01T02:04:03.359+0000] {logging_mixin.py:188} INFO - [2024-12-01T02:04:03.358+0000] {dag.py:3036} INFO - Sync 1 DAGs
[2024-12-01T02:04:03.397+0000] {logging_mixin.py:188} INFO - [2024-12-01T02:04:03.397+0000] {dag.py:3823} INFO - Setting next_dagrun for hello_world to 2024-12-01 00:01:00+00:00, run_after=2024-12-02 00:01:00+00:00
[2024-12-01T02:04:03.438+0000] {processor.py:183} INFO - Processing /opt/airflow/dags/hello_world.py took 0.229 seconds
[2024-12-01T02:04:33.616+0000] {processor.py:161} INFO - Started process (PID=950) to work on /opt/airflow/dags/hello_world.py
[2024-12-01T02:04:33.617+0000] {processor.py:830} INFO - Processing file /opt/airflow/dags/hello_world.py for tasks to queue
[2024-12-01T02:04:33.619+0000] {logging_mixin.py:188} INFO - [2024-12-01T02:04:33.619+0000] {dagbag.py:538} INFO - Filling up the DagBag from /opt/airflow/dags/hello_world.py
[2024-12-01T02:04:33.707+0000] {processor.py:840} INFO - DAG(s) 'hello_world' retrieved from /opt/airflow/dags/hello_world.py
[2024-12-01T02:04:33.735+0000] {logging_mixin.py:188} INFO - [2024-12-01T02:04:33.735+0000] {dag.py:3036} INFO - Sync 1 DAGs
[2024-12-01T02:04:33.768+0000] {logging_mixin.py:188} INFO - [2024-12-01T02:04:33.767+0000] {dag.py:3823} INFO - Setting next_dagrun for hello_world to 2024-12-01 00:01:00+00:00, run_after=2024-12-02 00:01:00+00:00
[2024-12-01T02:04:33.793+0000] {processor.py:183} INFO - Processing /opt/airflow/dags/hello_world.py took 0.182 seconds
[2024-12-01T02:05:04.182+0000] {processor.py:161} INFO - Started process (PID=1016) to work on /opt/airflow/dags/hello_world.py
[2024-12-01T02:05:04.183+0000] {processor.py:830} INFO - Processing file /opt/airflow/dags/hello_world.py for tasks to queue
[2024-12-01T02:05:04.186+0000] {logging_mixin.py:188} INFO - [2024-12-01T02:05:04.185+0000] {dagbag.py:538} INFO - Filling up the DagBag from /opt/airflow/dags/hello_world.py
[2024-12-01T02:05:04.300+0000] {processor.py:840} INFO - DAG(s) 'hello_world' retrieved from /opt/airflow/dags/hello_world.py
[2024-12-01T02:05:04.330+0000] {logging_mixin.py:188} INFO - [2024-12-01T02:05:04.329+0000] {dag.py:3036} INFO - Sync 1 DAGs
[2024-12-01T02:05:04.379+0000] {logging_mixin.py:188} INFO - [2024-12-01T02:05:04.379+0000] {dag.py:3823} INFO - Setting next_dagrun for hello_world to 2024-12-01 00:01:00+00:00, run_after=2024-12-02 00:01:00+00:00
[2024-12-01T02:05:04.411+0000] {processor.py:183} INFO - Processing /opt/airflow/dags/hello_world.py took 0.234 seconds
[2024-12-01T02:05:34.923+0000] {processor.py:161} INFO - Started process (PID=1083) to work on /opt/airflow/dags/hello_world.py
[2024-12-01T02:05:34.925+0000] {processor.py:830} INFO - Processing file /opt/airflow/dags/hello_world.py for tasks to queue
[2024-12-01T02:05:34.927+0000] {logging_mixin.py:188} INFO - [2024-12-01T02:05:34.927+0000] {dagbag.py:538} INFO - Filling up the DagBag from /opt/airflow/dags/hello_world.py
[2024-12-01T02:05:35.021+0000] {processor.py:840} INFO - DAG(s) 'hello_world' retrieved from /opt/airflow/dags/hello_world.py
[2024-12-01T02:05:35.045+0000] {logging_mixin.py:188} INFO - [2024-12-01T02:05:35.045+0000] {dag.py:3036} INFO - Sync 1 DAGs
[2024-12-01T02:05:35.079+0000] {logging_mixin.py:188} INFO - [2024-12-01T02:05:35.078+0000] {dag.py:3823} INFO - Setting next_dagrun for hello_world to 2024-12-01 00:01:00+00:00, run_after=2024-12-02 00:01:00+00:00
[2024-12-01T02:05:35.112+0000] {processor.py:183} INFO - Processing /opt/airflow/dags/hello_world.py took 0.197 seconds
[2024-12-01T02:06:05.284+0000] {processor.py:161} INFO - Started process (PID=1152) to work on /opt/airflow/dags/hello_world.py
[2024-12-01T02:06:05.286+0000] {processor.py:830} INFO - Processing file /opt/airflow/dags/hello_world.py for tasks to queue
[2024-12-01T02:06:05.288+0000] {logging_mixin.py:188} INFO - [2024-12-01T02:06:05.288+0000] {dagbag.py:538} INFO - Filling up the DagBag from /opt/airflow/dags/hello_world.py
[2024-12-01T02:06:05.390+0000] {processor.py:840} INFO - DAG(s) 'hello_world' retrieved from /opt/airflow/dags/hello_world.py
[2024-12-01T02:06:05.417+0000] {logging_mixin.py:188} INFO - [2024-12-01T02:06:05.416+0000] {dag.py:3036} INFO - Sync 1 DAGs
[2024-12-01T02:06:05.453+0000] {logging_mixin.py:188} INFO - [2024-12-01T02:06:05.453+0000] {dag.py:3823} INFO - Setting next_dagrun for hello_world to 2024-12-01 00:01:00+00:00, run_after=2024-12-02 00:01:00+00:00
[2024-12-01T02:06:05.480+0000] {processor.py:183} INFO - Processing /opt/airflow/dags/hello_world.py took 0.199 seconds
[2024-12-01T02:06:35.641+0000] {processor.py:161} INFO - Started process (PID=1228) to work on /opt/airflow/dags/hello_world.py
[2024-12-01T02:06:35.643+0000] {processor.py:830} INFO - Processing file /opt/airflow/dags/hello_world.py for tasks to queue
[2024-12-01T02:06:35.646+0000] {logging_mixin.py:188} INFO - [2024-12-01T02:06:35.645+0000] {dagbag.py:538} INFO - Filling up the DagBag from /opt/airflow/dags/hello_world.py
[2024-12-01T02:06:35.760+0000] {processor.py:840} INFO - DAG(s) 'hello_world' retrieved from /opt/airflow/dags/hello_world.py
[2024-12-01T02:06:35.790+0000] {logging_mixin.py:188} INFO - [2024-12-01T02:06:35.790+0000] {dag.py:3036} INFO - Sync 1 DAGs
[2024-12-01T02:06:35.831+0000] {logging_mixin.py:188} INFO - [2024-12-01T02:06:35.831+0000] {dag.py:3823} INFO - Setting next_dagrun for hello_world to 2024-12-01 00:01:00+00:00, run_after=2024-12-02 00:01:00+00:00
[2024-12-01T02:06:35.864+0000] {processor.py:183} INFO - Processing /opt/airflow/dags/hello_world.py took 0.228 seconds
[2024-12-01T02:07:06.025+0000] {processor.py:161} INFO - Started process (PID=1297) to work on /opt/airflow/dags/hello_world.py
[2024-12-01T02:07:06.026+0000] {processor.py:830} INFO - Processing file /opt/airflow/dags/hello_world.py for tasks to queue
[2024-12-01T02:07:06.028+0000] {logging_mixin.py:188} INFO - [2024-12-01T02:07:06.028+0000] {dagbag.py:538} INFO - Filling up the DagBag from /opt/airflow/dags/hello_world.py
[2024-12-01T02:07:06.154+0000] {processor.py:840} INFO - DAG(s) 'hello_world' retrieved from /opt/airflow/dags/hello_world.py
[2024-12-01T02:07:06.188+0000] {logging_mixin.py:188} INFO - [2024-12-01T02:07:06.188+0000] {dag.py:3036} INFO - Sync 1 DAGs
[2024-12-01T02:07:06.226+0000] {logging_mixin.py:188} INFO - [2024-12-01T02:07:06.226+0000] {dag.py:3823} INFO - Setting next_dagrun for hello_world to 2024-12-01 00:01:00+00:00, run_after=2024-12-02 00:01:00+00:00
[2024-12-01T02:07:06.257+0000] {processor.py:183} INFO - Processing /opt/airflow/dags/hello_world.py took 0.236 seconds
[2024-12-01T02:07:37.049+0000] {processor.py:161} INFO - Started process (PID=1364) to work on /opt/airflow/dags/hello_world.py
[2024-12-01T02:07:37.051+0000] {processor.py:830} INFO - Processing file /opt/airflow/dags/hello_world.py for tasks to queue
[2024-12-01T02:07:37.054+0000] {logging_mixin.py:188} INFO - [2024-12-01T02:07:37.053+0000] {dagbag.py:538} INFO - Filling up the DagBag from /opt/airflow/dags/hello_world.py
[2024-12-01T02:07:37.160+0000] {processor.py:840} INFO - DAG(s) 'hello_world' retrieved from /opt/airflow/dags/hello_world.py
[2024-12-01T02:07:37.187+0000] {logging_mixin.py:188} INFO - [2024-12-01T02:07:37.187+0000] {dag.py:3036} INFO - Sync 1 DAGs
[2024-12-01T02:07:37.224+0000] {logging_mixin.py:188} INFO - [2024-12-01T02:07:37.223+0000] {dag.py:3823} INFO - Setting next_dagrun for hello_world to 2024-12-01 00:01:00+00:00, run_after=2024-12-02 00:01:00+00:00
[2024-12-01T02:07:37.252+0000] {processor.py:183} INFO - Processing /opt/airflow/dags/hello_world.py took 0.207 seconds
[2024-12-01T02:08:07.689+0000] {processor.py:161} INFO - Started process (PID=1432) to work on /opt/airflow/dags/hello_world.py
[2024-12-01T02:08:07.691+0000] {processor.py:830} INFO - Processing file /opt/airflow/dags/hello_world.py for tasks to queue
[2024-12-01T02:08:07.694+0000] {logging_mixin.py:188} INFO - [2024-12-01T02:08:07.693+0000] {dagbag.py:538} INFO - Filling up the DagBag from /opt/airflow/dags/hello_world.py
[2024-12-01T02:08:07.809+0000] {processor.py:840} INFO - DAG(s) 'hello_world' retrieved from /opt/airflow/dags/hello_world.py
[2024-12-01T02:08:07.834+0000] {logging_mixin.py:188} INFO - [2024-12-01T02:08:07.833+0000] {dag.py:3036} INFO - Sync 1 DAGs
[2024-12-01T02:08:07.869+0000] {logging_mixin.py:188} INFO - [2024-12-01T02:08:07.868+0000] {dag.py:3823} INFO - Setting next_dagrun for hello_world to 2024-12-01 00:01:00+00:00, run_after=2024-12-02 00:01:00+00:00
[2024-12-01T02:08:07.899+0000] {processor.py:183} INFO - Processing /opt/airflow/dags/hello_world.py took 0.214 seconds
[2024-12-01T02:08:37.947+0000] {processor.py:161} INFO - Started process (PID=1501) to work on /opt/airflow/dags/hello_world.py
[2024-12-01T02:08:37.948+0000] {processor.py:830} INFO - Processing file /opt/airflow/dags/hello_world.py for tasks to queue
[2024-12-01T02:08:37.950+0000] {logging_mixin.py:188} INFO - [2024-12-01T02:08:37.950+0000] {dagbag.py:538} INFO - Filling up the DagBag from /opt/airflow/dags/hello_world.py
[2024-12-01T02:08:38.055+0000] {processor.py:840} INFO - DAG(s) 'hello_world' retrieved from /opt/airflow/dags/hello_world.py
[2024-12-01T02:08:38.088+0000] {logging_mixin.py:188} INFO - [2024-12-01T02:08:38.087+0000] {dag.py:3036} INFO - Sync 1 DAGs
[2024-12-01T02:08:38.129+0000] {logging_mixin.py:188} INFO - [2024-12-01T02:08:38.129+0000] {dag.py:3823} INFO - Setting next_dagrun for hello_world to 2024-12-01 00:01:00+00:00, run_after=2024-12-02 00:01:00+00:00
[2024-12-01T02:08:38.169+0000] {processor.py:183} INFO - Processing /opt/airflow/dags/hello_world.py took 0.226 seconds
[2024-12-01T02:09:08.242+0000] {processor.py:161} INFO - Started process (PID=1570) to work on /opt/airflow/dags/hello_world.py
[2024-12-01T02:09:08.242+0000] {processor.py:830} INFO - Processing file /opt/airflow/dags/hello_world.py for tasks to queue
[2024-12-01T02:09:08.245+0000] {logging_mixin.py:188} INFO - [2024-12-01T02:09:08.244+0000] {dagbag.py:538} INFO - Filling up the DagBag from /opt/airflow/dags/hello_world.py
[2024-12-01T02:09:08.359+0000] {processor.py:840} INFO - DAG(s) 'hello_world' retrieved from /opt/airflow/dags/hello_world.py
[2024-12-01T02:09:08.385+0000] {logging_mixin.py:188} INFO - [2024-12-01T02:09:08.385+0000] {dag.py:3036} INFO - Sync 1 DAGs
[2024-12-01T02:09:08.424+0000] {logging_mixin.py:188} INFO - [2024-12-01T02:09:08.423+0000] {dag.py:3823} INFO - Setting next_dagrun for hello_world to 2024-12-01 00:01:00+00:00, run_after=2024-12-02 00:01:00+00:00
[2024-12-01T02:09:08.457+0000] {processor.py:183} INFO - Processing /opt/airflow/dags/hello_world.py took 0.219 seconds
[2024-12-01T02:09:38.764+0000] {processor.py:161} INFO - Started process (PID=1642) to work on /opt/airflow/dags/hello_world.py
[2024-12-01T02:09:38.766+0000] {processor.py:830} INFO - Processing file /opt/airflow/dags/hello_world.py for tasks to queue
[2024-12-01T02:09:38.768+0000] {logging_mixin.py:188} INFO - [2024-12-01T02:09:38.768+0000] {dagbag.py:538} INFO - Filling up the DagBag from /opt/airflow/dags/hello_world.py
[2024-12-01T02:09:38.881+0000] {processor.py:840} INFO - DAG(s) 'hello_world' retrieved from /opt/airflow/dags/hello_world.py
[2024-12-01T02:09:38.913+0000] {logging_mixin.py:188} INFO - [2024-12-01T02:09:38.913+0000] {dag.py:3036} INFO - Sync 1 DAGs
[2024-12-01T02:09:38.961+0000] {logging_mixin.py:188} INFO - [2024-12-01T02:09:38.961+0000] {dag.py:3823} INFO - Setting next_dagrun for hello_world to 2024-12-01 00:01:00+00:00, run_after=2024-12-02 00:01:00+00:00
[2024-12-01T02:09:38.988+0000] {processor.py:183} INFO - Processing /opt/airflow/dags/hello_world.py took 0.229 seconds
[2024-12-01T02:10:09.336+0000] {processor.py:161} INFO - Started process (PID=1711) to work on /opt/airflow/dags/hello_world.py
[2024-12-01T02:10:09.338+0000] {processor.py:830} INFO - Processing file /opt/airflow/dags/hello_world.py for tasks to queue
[2024-12-01T02:10:09.340+0000] {logging_mixin.py:188} INFO - [2024-12-01T02:10:09.340+0000] {dagbag.py:538} INFO - Filling up the DagBag from /opt/airflow/dags/hello_world.py
[2024-12-01T02:10:09.430+0000] {processor.py:840} INFO - DAG(s) 'hello_world' retrieved from /opt/airflow/dags/hello_world.py
[2024-12-01T02:10:09.455+0000] {logging_mixin.py:188} INFO - [2024-12-01T02:10:09.455+0000] {dag.py:3036} INFO - Sync 1 DAGs
[2024-12-01T02:10:09.494+0000] {logging_mixin.py:188} INFO - [2024-12-01T02:10:09.493+0000] {dag.py:3823} INFO - Setting next_dagrun for hello_world to 2024-12-01 00:01:00+00:00, run_after=2024-12-02 00:01:00+00:00
[2024-12-01T02:10:09.528+0000] {processor.py:183} INFO - Processing /opt/airflow/dags/hello_world.py took 0.196 seconds
[2024-12-01T02:10:39.970+0000] {processor.py:161} INFO - Started process (PID=1779) to work on /opt/airflow/dags/hello_world.py
[2024-12-01T02:10:39.971+0000] {processor.py:830} INFO - Processing file /opt/airflow/dags/hello_world.py for tasks to queue
[2024-12-01T02:10:39.974+0000] {logging_mixin.py:188} INFO - [2024-12-01T02:10:39.973+0000] {dagbag.py:538} INFO - Filling up the DagBag from /opt/airflow/dags/hello_world.py
[2024-12-01T02:10:40.071+0000] {processor.py:840} INFO - DAG(s) 'hello_world' retrieved from /opt/airflow/dags/hello_world.py
[2024-12-01T02:10:40.105+0000] {logging_mixin.py:188} INFO - [2024-12-01T02:10:40.105+0000] {dag.py:3036} INFO - Sync 1 DAGs
[2024-12-01T02:10:40.145+0000] {logging_mixin.py:188} INFO - [2024-12-01T02:10:40.145+0000] {dag.py:3823} INFO - Setting next_dagrun for hello_world to 2024-12-01 00:01:00+00:00, run_after=2024-12-02 00:01:00+00:00
[2024-12-01T02:10:40.178+0000] {processor.py:183} INFO - Processing /opt/airflow/dags/hello_world.py took 0.213 seconds
[2024-12-01T02:11:10.898+0000] {processor.py:161} INFO - Started process (PID=1856) to work on /opt/airflow/dags/hello_world.py
[2024-12-01T02:11:10.899+0000] {processor.py:830} INFO - Processing file /opt/airflow/dags/hello_world.py for tasks to queue
[2024-12-01T02:11:10.902+0000] {logging_mixin.py:188} INFO - [2024-12-01T02:11:10.901+0000] {dagbag.py:538} INFO - Filling up the DagBag from /opt/airflow/dags/hello_world.py
[2024-12-01T02:11:10.989+0000] {processor.py:840} INFO - DAG(s) 'hello_world' retrieved from /opt/airflow/dags/hello_world.py
[2024-12-01T02:11:11.017+0000] {logging_mixin.py:188} INFO - [2024-12-01T02:11:11.017+0000] {dag.py:3036} INFO - Sync 1 DAGs
[2024-12-01T02:11:11.050+0000] {logging_mixin.py:188} INFO - [2024-12-01T02:11:11.050+0000] {dag.py:3823} INFO - Setting next_dagrun for hello_world to 2024-12-01 00:01:00+00:00, run_after=2024-12-02 00:01:00+00:00
[2024-12-01T02:11:11.079+0000] {processor.py:183} INFO - Processing /opt/airflow/dags/hello_world.py took 0.186 seconds
[2024-12-01T02:11:41.537+0000] {processor.py:161} INFO - Started process (PID=1923) to work on /opt/airflow/dags/hello_world.py
[2024-12-01T02:11:41.539+0000] {processor.py:830} INFO - Processing file /opt/airflow/dags/hello_world.py for tasks to queue
[2024-12-01T02:11:41.541+0000] {logging_mixin.py:188} INFO - [2024-12-01T02:11:41.540+0000] {dagbag.py:538} INFO - Filling up the DagBag from /opt/airflow/dags/hello_world.py
[2024-12-01T02:11:41.640+0000] {processor.py:840} INFO - DAG(s) 'hello_world' retrieved from /opt/airflow/dags/hello_world.py
[2024-12-01T02:11:41.671+0000] {logging_mixin.py:188} INFO - [2024-12-01T02:11:41.670+0000] {dag.py:3036} INFO - Sync 1 DAGs
[2024-12-01T02:11:41.711+0000] {logging_mixin.py:188} INFO - [2024-12-01T02:11:41.710+0000] {dag.py:3823} INFO - Setting next_dagrun for hello_world to 2024-12-01 00:01:00+00:00, run_after=2024-12-02 00:01:00+00:00
[2024-12-01T02:11:41.735+0000] {processor.py:183} INFO - Processing /opt/airflow/dags/hello_world.py took 0.202 seconds
[2024-12-01T02:12:12.422+0000] {processor.py:161} INFO - Started process (PID=1988) to work on /opt/airflow/dags/hello_world.py
[2024-12-01T02:12:12.423+0000] {processor.py:830} INFO - Processing file /opt/airflow/dags/hello_world.py for tasks to queue
[2024-12-01T02:12:12.425+0000] {logging_mixin.py:188} INFO - [2024-12-01T02:12:12.425+0000] {dagbag.py:538} INFO - Filling up the DagBag from /opt/airflow/dags/hello_world.py
[2024-12-01T02:12:12.528+0000] {processor.py:840} INFO - DAG(s) 'hello_world' retrieved from /opt/airflow/dags/hello_world.py
[2024-12-01T02:12:12.565+0000] {logging_mixin.py:188} INFO - [2024-12-01T02:12:12.564+0000] {dag.py:3036} INFO - Sync 1 DAGs
[2024-12-01T02:12:12.609+0000] {logging_mixin.py:188} INFO - [2024-12-01T02:12:12.608+0000] {dag.py:3823} INFO - Setting next_dagrun for hello_world to 2024-12-01 00:01:00+00:00, run_after=2024-12-02 00:01:00+00:00
[2024-12-01T02:12:12.638+0000] {processor.py:183} INFO - Processing /opt/airflow/dags/hello_world.py took 0.221 seconds
[2024-12-01T02:12:42.898+0000] {processor.py:161} INFO - Started process (PID=2056) to work on /opt/airflow/dags/hello_world.py
[2024-12-01T02:12:42.899+0000] {processor.py:830} INFO - Processing file /opt/airflow/dags/hello_world.py for tasks to queue
[2024-12-01T02:12:42.902+0000] {logging_mixin.py:188} INFO - [2024-12-01T02:12:42.901+0000] {dagbag.py:538} INFO - Filling up the DagBag from /opt/airflow/dags/hello_world.py
[2024-12-01T02:12:42.997+0000] {processor.py:840} INFO - DAG(s) 'hello_world' retrieved from /opt/airflow/dags/hello_world.py
[2024-12-01T02:12:43.024+0000] {logging_mixin.py:188} INFO - [2024-12-01T02:12:43.024+0000] {dag.py:3036} INFO - Sync 1 DAGs
[2024-12-01T02:12:43.059+0000] {logging_mixin.py:188} INFO - [2024-12-01T02:12:43.059+0000] {dag.py:3823} INFO - Setting next_dagrun for hello_world to 2024-12-01 00:01:00+00:00, run_after=2024-12-02 00:01:00+00:00
[2024-12-01T02:12:43.089+0000] {processor.py:183} INFO - Processing /opt/airflow/dags/hello_world.py took 0.195 seconds
[2024-12-01T02:13:13.306+0000] {processor.py:161} INFO - Started process (PID=2124) to work on /opt/airflow/dags/hello_world.py
[2024-12-01T02:13:13.307+0000] {processor.py:830} INFO - Processing file /opt/airflow/dags/hello_world.py for tasks to queue
[2024-12-01T02:13:13.308+0000] {logging_mixin.py:188} INFO - [2024-12-01T02:13:13.308+0000] {dagbag.py:538} INFO - Filling up the DagBag from /opt/airflow/dags/hello_world.py
[2024-12-01T02:13:13.397+0000] {processor.py:840} INFO - DAG(s) 'hello_world' retrieved from /opt/airflow/dags/hello_world.py
[2024-12-01T02:13:13.420+0000] {logging_mixin.py:188} INFO - [2024-12-01T02:13:13.420+0000] {dag.py:3036} INFO - Sync 1 DAGs
[2024-12-01T02:13:13.455+0000] {logging_mixin.py:188} INFO - [2024-12-01T02:13:13.455+0000] {dag.py:3823} INFO - Setting next_dagrun for hello_world to 2024-12-01 00:01:00+00:00, run_after=2024-12-02 00:01:00+00:00
[2024-12-01T02:13:13.484+0000] {processor.py:183} INFO - Processing /opt/airflow/dags/hello_world.py took 0.182 seconds
[2024-12-01T02:13:43.765+0000] {processor.py:161} INFO - Started process (PID=2191) to work on /opt/airflow/dags/hello_world.py
[2024-12-01T02:13:43.766+0000] {processor.py:830} INFO - Processing file /opt/airflow/dags/hello_world.py for tasks to queue
[2024-12-01T02:13:43.767+0000] {logging_mixin.py:188} INFO - [2024-12-01T02:13:43.767+0000] {dagbag.py:538} INFO - Filling up the DagBag from /opt/airflow/dags/hello_world.py
[2024-12-01T02:13:43.873+0000] {processor.py:840} INFO - DAG(s) 'hello_world' retrieved from /opt/airflow/dags/hello_world.py
[2024-12-01T02:13:43.902+0000] {logging_mixin.py:188} INFO - [2024-12-01T02:13:43.901+0000] {dag.py:3036} INFO - Sync 1 DAGs
[2024-12-01T02:13:43.936+0000] {logging_mixin.py:188} INFO - [2024-12-01T02:13:43.935+0000] {dag.py:3823} INFO - Setting next_dagrun for hello_world to 2024-12-01 00:01:00+00:00, run_after=2024-12-02 00:01:00+00:00
[2024-12-01T02:13:43.962+0000] {processor.py:183} INFO - Processing /opt/airflow/dags/hello_world.py took 0.201 seconds
[2024-12-01T02:14:14.136+0000] {processor.py:161} INFO - Started process (PID=2259) to work on /opt/airflow/dags/hello_world.py
[2024-12-01T02:14:14.137+0000] {processor.py:830} INFO - Processing file /opt/airflow/dags/hello_world.py for tasks to queue
[2024-12-01T02:14:14.138+0000] {logging_mixin.py:188} INFO - [2024-12-01T02:14:14.137+0000] {dagbag.py:538} INFO - Filling up the DagBag from /opt/airflow/dags/hello_world.py
[2024-12-01T02:14:14.230+0000] {processor.py:840} INFO - DAG(s) 'hello_world' retrieved from /opt/airflow/dags/hello_world.py
[2024-12-01T02:14:14.256+0000] {logging_mixin.py:188} INFO - [2024-12-01T02:14:14.255+0000] {dag.py:3036} INFO - Sync 1 DAGs
[2024-12-01T02:14:14.296+0000] {logging_mixin.py:188} INFO - [2024-12-01T02:14:14.296+0000] {dag.py:3823} INFO - Setting next_dagrun for hello_world to 2024-12-01 00:01:00+00:00, run_after=2024-12-02 00:01:00+00:00
[2024-12-01T02:14:14.328+0000] {processor.py:183} INFO - Processing /opt/airflow/dags/hello_world.py took 0.197 seconds
[2024-12-01T02:14:44.365+0000] {processor.py:161} INFO - Started process (PID=2328) to work on /opt/airflow/dags/hello_world.py
[2024-12-01T02:14:44.367+0000] {processor.py:830} INFO - Processing file /opt/airflow/dags/hello_world.py for tasks to queue
[2024-12-01T02:14:44.368+0000] {logging_mixin.py:188} INFO - [2024-12-01T02:14:44.367+0000] {dagbag.py:538} INFO - Filling up the DagBag from /opt/airflow/dags/hello_world.py
[2024-12-01T02:14:44.475+0000] {processor.py:840} INFO - DAG(s) 'hello_world' retrieved from /opt/airflow/dags/hello_world.py
[2024-12-01T02:14:44.501+0000] {logging_mixin.py:188} INFO - [2024-12-01T02:14:44.501+0000] {dag.py:3036} INFO - Sync 1 DAGs
[2024-12-01T02:14:44.545+0000] {logging_mixin.py:188} INFO - [2024-12-01T02:14:44.545+0000] {dag.py:3823} INFO - Setting next_dagrun for hello_world to 2024-12-01 00:01:00+00:00, run_after=2024-12-02 00:01:00+00:00
[2024-12-01T02:14:44.581+0000] {processor.py:183} INFO - Processing /opt/airflow/dags/hello_world.py took 0.219 seconds
[2024-12-01T02:15:14.765+0000] {processor.py:161} INFO - Started process (PID=2398) to work on /opt/airflow/dags/hello_world.py
[2024-12-01T02:15:14.772+0000] {processor.py:830} INFO - Processing file /opt/airflow/dags/hello_world.py for tasks to queue
[2024-12-01T02:15:14.774+0000] {logging_mixin.py:188} INFO - [2024-12-01T02:15:14.773+0000] {dagbag.py:538} INFO - Filling up the DagBag from /opt/airflow/dags/hello_world.py
[2024-12-01T02:15:14.940+0000] {processor.py:840} INFO - DAG(s) 'hello_world' retrieved from /opt/airflow/dags/hello_world.py
[2024-12-01T02:15:15.006+0000] {logging_mixin.py:188} INFO - [2024-12-01T02:15:15.005+0000] {dag.py:3036} INFO - Sync 1 DAGs
[2024-12-01T02:15:15.091+0000] {logging_mixin.py:188} INFO - [2024-12-01T02:15:15.090+0000] {dag.py:3823} INFO - Setting next_dagrun for hello_world to 2024-12-01 00:01:00+00:00, run_after=2024-12-02 00:01:00+00:00
[2024-12-01T02:15:15.187+0000] {processor.py:183} INFO - Processing /opt/airflow/dags/hello_world.py took 0.426 seconds
[2024-12-01T02:15:45.266+0000] {processor.py:161} INFO - Started process (PID=2472) to work on /opt/airflow/dags/hello_world.py
[2024-12-01T02:15:45.278+0000] {processor.py:830} INFO - Processing file /opt/airflow/dags/hello_world.py for tasks to queue
[2024-12-01T02:15:45.280+0000] {logging_mixin.py:188} INFO - [2024-12-01T02:15:45.279+0000] {dagbag.py:538} INFO - Filling up the DagBag from /opt/airflow/dags/hello_world.py
[2024-12-01T02:15:45.411+0000] {processor.py:840} INFO - DAG(s) 'hello_world' retrieved from /opt/airflow/dags/hello_world.py
[2024-12-01T02:15:45.457+0000] {logging_mixin.py:188} INFO - [2024-12-01T02:15:45.457+0000] {dag.py:3036} INFO - Sync 1 DAGs
[2024-12-01T02:15:45.512+0000] {logging_mixin.py:188} INFO - [2024-12-01T02:15:45.511+0000] {dag.py:3823} INFO - Setting next_dagrun for hello_world to 2024-12-01 00:01:00+00:00, run_after=2024-12-02 00:01:00+00:00
[2024-12-01T02:15:45.547+0000] {processor.py:183} INFO - Processing /opt/airflow/dags/hello_world.py took 0.288 seconds
[2024-12-01T02:16:15.676+0000] {processor.py:161} INFO - Started process (PID=2539) to work on /opt/airflow/dags/hello_world.py
[2024-12-01T02:16:15.678+0000] {processor.py:830} INFO - Processing file /opt/airflow/dags/hello_world.py for tasks to queue
[2024-12-01T02:16:15.679+0000] {logging_mixin.py:188} INFO - [2024-12-01T02:16:15.678+0000] {dagbag.py:538} INFO - Filling up the DagBag from /opt/airflow/dags/hello_world.py
[2024-12-01T02:16:15.777+0000] {processor.py:840} INFO - DAG(s) 'hello_world' retrieved from /opt/airflow/dags/hello_world.py
[2024-12-01T02:16:15.811+0000] {logging_mixin.py:188} INFO - [2024-12-01T02:16:15.811+0000] {dag.py:3036} INFO - Sync 1 DAGs
[2024-12-01T02:16:15.849+0000] {logging_mixin.py:188} INFO - [2024-12-01T02:16:15.849+0000] {dag.py:3823} INFO - Setting next_dagrun for hello_world to 2024-12-01 00:01:00+00:00, run_after=2024-12-02 00:01:00+00:00
[2024-12-01T02:16:15.884+0000] {processor.py:183} INFO - Processing /opt/airflow/dags/hello_world.py took 0.213 seconds
[2024-12-01T02:16:46.712+0000] {processor.py:161} INFO - Started process (PID=2607) to work on /opt/airflow/dags/hello_world.py
[2024-12-01T02:16:46.714+0000] {processor.py:830} INFO - Processing file /opt/airflow/dags/hello_world.py for tasks to queue
[2024-12-01T02:16:46.715+0000] {logging_mixin.py:188} INFO - [2024-12-01T02:16:46.715+0000] {dagbag.py:538} INFO - Filling up the DagBag from /opt/airflow/dags/hello_world.py
[2024-12-01T02:16:46.830+0000] {processor.py:840} INFO - DAG(s) 'hello_world' retrieved from /opt/airflow/dags/hello_world.py
[2024-12-01T02:16:46.861+0000] {logging_mixin.py:188} INFO - [2024-12-01T02:16:46.860+0000] {dag.py:3036} INFO - Sync 1 DAGs
[2024-12-01T02:16:46.912+0000] {logging_mixin.py:188} INFO - [2024-12-01T02:16:46.912+0000] {dag.py:3823} INFO - Setting next_dagrun for hello_world to 2024-12-01 00:01:00+00:00, run_after=2024-12-02 00:01:00+00:00
[2024-12-01T02:16:46.949+0000] {processor.py:183} INFO - Processing /opt/airflow/dags/hello_world.py took 0.242 seconds
[2024-12-01T02:17:16.992+0000] {processor.py:161} INFO - Started process (PID=2676) to work on /opt/airflow/dags/hello_world.py
[2024-12-01T02:17:16.993+0000] {processor.py:830} INFO - Processing file /opt/airflow/dags/hello_world.py for tasks to queue
[2024-12-01T02:17:16.994+0000] {logging_mixin.py:188} INFO - [2024-12-01T02:17:16.994+0000] {dagbag.py:538} INFO - Filling up the DagBag from /opt/airflow/dags/hello_world.py
[2024-12-01T02:17:17.104+0000] {processor.py:840} INFO - DAG(s) 'hello_world' retrieved from /opt/airflow/dags/hello_world.py
[2024-12-01T02:17:17.128+0000] {logging_mixin.py:188} INFO - [2024-12-01T02:17:17.128+0000] {dag.py:3036} INFO - Sync 1 DAGs
[2024-12-01T02:17:17.163+0000] {logging_mixin.py:188} INFO - [2024-12-01T02:17:17.162+0000] {dag.py:3823} INFO - Setting next_dagrun for hello_world to 2024-12-01 00:01:00+00:00, run_after=2024-12-02 00:01:00+00:00
[2024-12-01T02:17:17.353+0000] {processor.py:183} INFO - Processing /opt/airflow/dags/hello_world.py took 0.366 seconds
[2024-12-01T02:17:47.629+0000] {processor.py:161} INFO - Started process (PID=2743) to work on /opt/airflow/dags/hello_world.py
[2024-12-01T02:17:47.630+0000] {processor.py:830} INFO - Processing file /opt/airflow/dags/hello_world.py for tasks to queue
[2024-12-01T02:17:47.631+0000] {logging_mixin.py:188} INFO - [2024-12-01T02:17:47.631+0000] {dagbag.py:538} INFO - Filling up the DagBag from /opt/airflow/dags/hello_world.py
[2024-12-01T02:17:47.735+0000] {processor.py:840} INFO - DAG(s) 'hello_world' retrieved from /opt/airflow/dags/hello_world.py
[2024-12-01T02:17:47.771+0000] {logging_mixin.py:188} INFO - [2024-12-01T02:17:47.771+0000] {dag.py:3036} INFO - Sync 1 DAGs
[2024-12-01T02:17:47.812+0000] {logging_mixin.py:188} INFO - [2024-12-01T02:17:47.812+0000] {dag.py:3823} INFO - Setting next_dagrun for hello_world to 2024-12-01 00:01:00+00:00, run_after=2024-12-02 00:01:00+00:00
[2024-12-01T02:17:48.009+0000] {processor.py:183} INFO - Processing /opt/airflow/dags/hello_world.py took 0.384 seconds
[2024-12-01T02:18:18.115+0000] {processor.py:161} INFO - Started process (PID=2814) to work on /opt/airflow/dags/hello_world.py
[2024-12-01T02:18:18.117+0000] {processor.py:830} INFO - Processing file /opt/airflow/dags/hello_world.py for tasks to queue
[2024-12-01T02:18:18.118+0000] {logging_mixin.py:188} INFO - [2024-12-01T02:18:18.117+0000] {dagbag.py:538} INFO - Filling up the DagBag from /opt/airflow/dags/hello_world.py
[2024-12-01T02:18:18.207+0000] {processor.py:840} INFO - DAG(s) 'hello_world' retrieved from /opt/airflow/dags/hello_world.py
[2024-12-01T02:18:18.242+0000] {logging_mixin.py:188} INFO - [2024-12-01T02:18:18.242+0000] {dag.py:3036} INFO - Sync 1 DAGs
[2024-12-01T02:18:18.276+0000] {logging_mixin.py:188} INFO - [2024-12-01T02:18:18.276+0000] {dag.py:3823} INFO - Setting next_dagrun for hello_world to 2024-12-01 00:01:00+00:00, run_after=2024-12-02 00:01:00+00:00
[2024-12-01T02:18:18.471+0000] {processor.py:183} INFO - Processing /opt/airflow/dags/hello_world.py took 0.360 seconds
[2024-12-01T02:18:49.312+0000] {processor.py:161} INFO - Started process (PID=2882) to work on /opt/airflow/dags/hello_world.py
[2024-12-01T02:18:49.313+0000] {processor.py:830} INFO - Processing file /opt/airflow/dags/hello_world.py for tasks to queue
[2024-12-01T02:18:49.314+0000] {logging_mixin.py:188} INFO - [2024-12-01T02:18:49.314+0000] {dagbag.py:538} INFO - Filling up the DagBag from /opt/airflow/dags/hello_world.py
[2024-12-01T02:18:49.413+0000] {processor.py:840} INFO - DAG(s) 'hello_world' retrieved from /opt/airflow/dags/hello_world.py
[2024-12-01T02:18:49.441+0000] {logging_mixin.py:188} INFO - [2024-12-01T02:18:49.441+0000] {dag.py:3036} INFO - Sync 1 DAGs
[2024-12-01T02:18:49.484+0000] {logging_mixin.py:188} INFO - [2024-12-01T02:18:49.484+0000] {dag.py:3823} INFO - Setting next_dagrun for hello_world to 2024-12-01 00:01:00+00:00, run_after=2024-12-02 00:01:00+00:00
[2024-12-01T02:18:49.516+0000] {processor.py:183} INFO - Processing /opt/airflow/dags/hello_world.py took 0.209 seconds
[2024-12-01T02:19:19.728+0000] {processor.py:161} INFO - Started process (PID=2950) to work on /opt/airflow/dags/hello_world.py
[2024-12-01T02:19:19.729+0000] {processor.py:830} INFO - Processing file /opt/airflow/dags/hello_world.py for tasks to queue
[2024-12-01T02:19:19.730+0000] {logging_mixin.py:188} INFO - [2024-12-01T02:19:19.730+0000] {dagbag.py:538} INFO - Filling up the DagBag from /opt/airflow/dags/hello_world.py
[2024-12-01T02:19:19.835+0000] {processor.py:840} INFO - DAG(s) 'hello_world' retrieved from /opt/airflow/dags/hello_world.py
[2024-12-01T02:19:19.865+0000] {logging_mixin.py:188} INFO - [2024-12-01T02:19:19.864+0000] {dag.py:3036} INFO - Sync 1 DAGs
[2024-12-01T02:19:19.902+0000] {logging_mixin.py:188} INFO - [2024-12-01T02:19:19.902+0000] {dag.py:3823} INFO - Setting next_dagrun for hello_world to 2024-12-01 00:01:00+00:00, run_after=2024-12-02 00:01:00+00:00
[2024-12-01T02:19:19.930+0000] {processor.py:183} INFO - Processing /opt/airflow/dags/hello_world.py took 0.207 seconds
[2024-12-01T02:19:49.977+0000] {processor.py:161} INFO - Started process (PID=3027) to work on /opt/airflow/dags/hello_world.py
[2024-12-01T02:19:49.979+0000] {processor.py:830} INFO - Processing file /opt/airflow/dags/hello_world.py for tasks to queue
[2024-12-01T02:19:49.981+0000] {logging_mixin.py:188} INFO - [2024-12-01T02:19:49.980+0000] {dagbag.py:538} INFO - Filling up the DagBag from /opt/airflow/dags/hello_world.py
[2024-12-01T02:19:50.096+0000] {processor.py:840} INFO - DAG(s) 'hello_world' retrieved from /opt/airflow/dags/hello_world.py
[2024-12-01T02:19:50.327+0000] {logging_mixin.py:188} INFO - [2024-12-01T02:19:50.327+0000] {dag.py:3036} INFO - Sync 1 DAGs
[2024-12-01T02:19:50.371+0000] {logging_mixin.py:188} INFO - [2024-12-01T02:19:50.371+0000] {dag.py:3823} INFO - Setting next_dagrun for hello_world to 2024-12-01 00:01:00+00:00, run_after=2024-12-02 00:01:00+00:00
[2024-12-01T02:19:50.400+0000] {processor.py:183} INFO - Processing /opt/airflow/dags/hello_world.py took 0.428 seconds
[2024-12-01T02:20:20.597+0000] {processor.py:161} INFO - Started process (PID=3096) to work on /opt/airflow/dags/hello_world.py
[2024-12-01T02:20:20.599+0000] {processor.py:830} INFO - Processing file /opt/airflow/dags/hello_world.py for tasks to queue
[2024-12-01T02:20:20.600+0000] {logging_mixin.py:188} INFO - [2024-12-01T02:20:20.599+0000] {dagbag.py:538} INFO - Filling up the DagBag from /opt/airflow/dags/hello_world.py
[2024-12-01T02:20:20.706+0000] {processor.py:840} INFO - DAG(s) 'hello_world' retrieved from /opt/airflow/dags/hello_world.py
[2024-12-01T02:20:20.734+0000] {logging_mixin.py:188} INFO - [2024-12-01T02:20:20.734+0000] {dag.py:3036} INFO - Sync 1 DAGs
[2024-12-01T02:20:20.930+0000] {logging_mixin.py:188} INFO - [2024-12-01T02:20:20.929+0000] {dag.py:3823} INFO - Setting next_dagrun for hello_world to 2024-12-01 00:01:00+00:00, run_after=2024-12-02 00:01:00+00:00
[2024-12-01T02:20:20.955+0000] {processor.py:183} INFO - Processing /opt/airflow/dags/hello_world.py took 0.364 seconds
[2024-12-01T02:20:51.824+0000] {processor.py:161} INFO - Started process (PID=3165) to work on /opt/airflow/dags/hello_world.py
[2024-12-01T02:20:51.825+0000] {processor.py:830} INFO - Processing file /opt/airflow/dags/hello_world.py for tasks to queue
[2024-12-01T02:20:51.827+0000] {logging_mixin.py:188} INFO - [2024-12-01T02:20:51.826+0000] {dagbag.py:538} INFO - Filling up the DagBag from /opt/airflow/dags/hello_world.py
[2024-12-01T02:20:51.928+0000] {processor.py:840} INFO - DAG(s) 'hello_world' retrieved from /opt/airflow/dags/hello_world.py
[2024-12-01T02:20:51.958+0000] {logging_mixin.py:188} INFO - [2024-12-01T02:20:51.958+0000] {dag.py:3036} INFO - Sync 1 DAGs
[2024-12-01T02:20:52.177+0000] {logging_mixin.py:188} INFO - [2024-12-01T02:20:52.177+0000] {dag.py:3823} INFO - Setting next_dagrun for hello_world to 2024-12-01 00:01:00+00:00, run_after=2024-12-02 00:01:00+00:00
[2024-12-01T02:20:52.211+0000] {processor.py:183} INFO - Processing /opt/airflow/dags/hello_world.py took 0.391 seconds
[2024-12-01T02:21:22.306+0000] {processor.py:161} INFO - Started process (PID=3234) to work on /opt/airflow/dags/hello_world.py
[2024-12-01T02:21:22.307+0000] {processor.py:830} INFO - Processing file /opt/airflow/dags/hello_world.py for tasks to queue
[2024-12-01T02:21:22.308+0000] {logging_mixin.py:188} INFO - [2024-12-01T02:21:22.308+0000] {dagbag.py:538} INFO - Filling up the DagBag from /opt/airflow/dags/hello_world.py
[2024-12-01T02:21:22.587+0000] {processor.py:840} INFO - DAG(s) 'hello_world' retrieved from /opt/airflow/dags/hello_world.py
[2024-12-01T02:21:22.610+0000] {logging_mixin.py:188} INFO - [2024-12-01T02:21:22.610+0000] {dag.py:3036} INFO - Sync 1 DAGs
[2024-12-01T02:21:22.642+0000] {logging_mixin.py:188} INFO - [2024-12-01T02:21:22.642+0000] {dag.py:3823} INFO - Setting next_dagrun for hello_world to 2024-12-01 00:01:00+00:00, run_after=2024-12-02 00:01:00+00:00
[2024-12-01T02:21:22.673+0000] {processor.py:183} INFO - Processing /opt/airflow/dags/hello_world.py took 0.371 seconds
[2024-12-01T02:21:52.846+0000] {processor.py:161} INFO - Started process (PID=3303) to work on /opt/airflow/dags/hello_world.py
[2024-12-01T02:21:52.847+0000] {processor.py:830} INFO - Processing file /opt/airflow/dags/hello_world.py for tasks to queue
[2024-12-01T02:21:52.849+0000] {logging_mixin.py:188} INFO - [2024-12-01T02:21:52.848+0000] {dagbag.py:538} INFO - Filling up the DagBag from /opt/airflow/dags/hello_world.py
[2024-12-01T02:21:53.142+0000] {processor.py:840} INFO - DAG(s) 'hello_world' retrieved from /opt/airflow/dags/hello_world.py
[2024-12-01T02:21:53.172+0000] {logging_mixin.py:188} INFO - [2024-12-01T02:21:53.171+0000] {dag.py:3036} INFO - Sync 1 DAGs
[2024-12-01T02:21:53.213+0000] {logging_mixin.py:188} INFO - [2024-12-01T02:21:53.212+0000] {dag.py:3823} INFO - Setting next_dagrun for hello_world to 2024-12-01 00:01:00+00:00, run_after=2024-12-02 00:01:00+00:00
[2024-12-01T02:21:53.248+0000] {processor.py:183} INFO - Processing /opt/airflow/dags/hello_world.py took 0.406 seconds
[2024-12-01T02:22:24.137+0000] {processor.py:161} INFO - Started process (PID=3371) to work on /opt/airflow/dags/hello_world.py
[2024-12-01T02:22:24.138+0000] {processor.py:830} INFO - Processing file /opt/airflow/dags/hello_world.py for tasks to queue
[2024-12-01T02:22:24.139+0000] {logging_mixin.py:188} INFO - [2024-12-01T02:22:24.139+0000] {dagbag.py:538} INFO - Filling up the DagBag from /opt/airflow/dags/hello_world.py
[2024-12-01T02:22:24.244+0000] {processor.py:840} INFO - DAG(s) 'hello_world' retrieved from /opt/airflow/dags/hello_world.py
[2024-12-01T02:22:24.434+0000] {logging_mixin.py:188} INFO - [2024-12-01T02:22:24.434+0000] {dag.py:3036} INFO - Sync 1 DAGs
[2024-12-01T02:22:24.466+0000] {logging_mixin.py:188} INFO - [2024-12-01T02:22:24.466+0000] {dag.py:3823} INFO - Setting next_dagrun for hello_world to 2024-12-01 00:01:00+00:00, run_after=2024-12-02 00:01:00+00:00
[2024-12-01T02:22:24.492+0000] {processor.py:183} INFO - Processing /opt/airflow/dags/hello_world.py took 0.359 seconds
[2024-12-01T02:22:55.234+0000] {processor.py:161} INFO - Started process (PID=3440) to work on /opt/airflow/dags/hello_world.py
[2024-12-01T02:22:55.236+0000] {processor.py:830} INFO - Processing file /opt/airflow/dags/hello_world.py for tasks to queue
[2024-12-01T02:22:55.237+0000] {logging_mixin.py:188} INFO - [2024-12-01T02:22:55.236+0000] {dagbag.py:538} INFO - Filling up the DagBag from /opt/airflow/dags/hello_world.py
[2024-12-01T02:22:55.331+0000] {processor.py:840} INFO - DAG(s) 'hello_world' retrieved from /opt/airflow/dags/hello_world.py
[2024-12-01T02:22:55.593+0000] {logging_mixin.py:188} INFO - [2024-12-01T02:22:55.592+0000] {dag.py:3036} INFO - Sync 1 DAGs
[2024-12-01T02:22:55.630+0000] {logging_mixin.py:188} INFO - [2024-12-01T02:22:55.630+0000] {dag.py:3823} INFO - Setting next_dagrun for hello_world to 2024-12-01 00:01:00+00:00, run_after=2024-12-02 00:01:00+00:00
[2024-12-01T02:22:55.659+0000] {processor.py:183} INFO - Processing /opt/airflow/dags/hello_world.py took 0.429 seconds
[2024-12-01T02:23:26.031+0000] {processor.py:161} INFO - Started process (PID=3512) to work on /opt/airflow/dags/hello_world.py
[2024-12-01T02:23:26.033+0000] {processor.py:830} INFO - Processing file /opt/airflow/dags/hello_world.py for tasks to queue
[2024-12-01T02:23:26.034+0000] {logging_mixin.py:188} INFO - [2024-12-01T02:23:26.033+0000] {dagbag.py:538} INFO - Filling up the DagBag from /opt/airflow/dags/hello_world.py
[2024-12-01T02:23:26.146+0000] {processor.py:840} INFO - DAG(s) 'hello_world' retrieved from /opt/airflow/dags/hello_world.py
[2024-12-01T02:23:26.178+0000] {logging_mixin.py:188} INFO - [2024-12-01T02:23:26.177+0000] {dag.py:3036} INFO - Sync 1 DAGs
[2024-12-01T02:23:26.404+0000] {logging_mixin.py:188} INFO - [2024-12-01T02:23:26.403+0000] {dag.py:3823} INFO - Setting next_dagrun for hello_world to 2024-12-01 00:01:00+00:00, run_after=2024-12-02 00:01:00+00:00
[2024-12-01T02:23:26.446+0000] {processor.py:183} INFO - Processing /opt/airflow/dags/hello_world.py took 0.420 seconds
[2024-12-01T02:23:56.643+0000] {processor.py:161} INFO - Started process (PID=3586) to work on /opt/airflow/dags/hello_world.py
[2024-12-01T02:23:56.644+0000] {processor.py:830} INFO - Processing file /opt/airflow/dags/hello_world.py for tasks to queue
[2024-12-01T02:23:56.646+0000] {logging_mixin.py:188} INFO - [2024-12-01T02:23:56.645+0000] {dagbag.py:538} INFO - Filling up the DagBag from /opt/airflow/dags/hello_world.py
[2024-12-01T02:23:56.964+0000] {processor.py:840} INFO - DAG(s) 'hello_world' retrieved from /opt/airflow/dags/hello_world.py
[2024-12-01T02:23:56.994+0000] {logging_mixin.py:188} INFO - [2024-12-01T02:23:56.993+0000] {dag.py:3036} INFO - Sync 1 DAGs
[2024-12-01T02:23:57.065+0000] {logging_mixin.py:188} INFO - [2024-12-01T02:23:57.065+0000] {dag.py:3823} INFO - Setting next_dagrun for hello_world to 2024-12-01 00:01:00+00:00, run_after=2024-12-02 00:01:00+00:00
[2024-12-01T02:23:57.103+0000] {processor.py:183} INFO - Processing /opt/airflow/dags/hello_world.py took 0.466 seconds
[2024-12-01T02:24:27.888+0000] {processor.py:161} INFO - Started process (PID=3655) to work on /opt/airflow/dags/hello_world.py
[2024-12-01T02:24:27.890+0000] {processor.py:830} INFO - Processing file /opt/airflow/dags/hello_world.py for tasks to queue
[2024-12-01T02:24:27.892+0000] {logging_mixin.py:188} INFO - [2024-12-01T02:24:27.891+0000] {dagbag.py:538} INFO - Filling up the DagBag from /opt/airflow/dags/hello_world.py
[2024-12-01T02:24:28.278+0000] {processor.py:840} INFO - DAG(s) 'hello_world' retrieved from /opt/airflow/dags/hello_world.py
[2024-12-01T02:24:28.308+0000] {logging_mixin.py:188} INFO - [2024-12-01T02:24:28.308+0000] {dag.py:3036} INFO - Sync 1 DAGs
[2024-12-01T02:24:28.352+0000] {logging_mixin.py:188} INFO - [2024-12-01T02:24:28.351+0000] {dag.py:3823} INFO - Setting next_dagrun for hello_world to 2024-12-01 00:01:00+00:00, run_after=2024-12-02 00:01:00+00:00
[2024-12-01T02:24:28.390+0000] {processor.py:183} INFO - Processing /opt/airflow/dags/hello_world.py took 0.507 seconds
[2024-12-01T02:24:58.864+0000] {processor.py:161} INFO - Started process (PID=3723) to work on /opt/airflow/dags/hello_world.py
[2024-12-01T02:24:58.865+0000] {processor.py:830} INFO - Processing file /opt/airflow/dags/hello_world.py for tasks to queue
[2024-12-01T02:24:58.866+0000] {logging_mixin.py:188} INFO - [2024-12-01T02:24:58.866+0000] {dagbag.py:538} INFO - Filling up the DagBag from /opt/airflow/dags/hello_world.py
[2024-12-01T02:24:59.149+0000] {processor.py:840} INFO - DAG(s) 'hello_world' retrieved from /opt/airflow/dags/hello_world.py
[2024-12-01T02:24:59.171+0000] {logging_mixin.py:188} INFO - [2024-12-01T02:24:59.171+0000] {dag.py:3036} INFO - Sync 1 DAGs
[2024-12-01T02:24:59.210+0000] {logging_mixin.py:188} INFO - [2024-12-01T02:24:59.209+0000] {dag.py:3823} INFO - Setting next_dagrun for hello_world to 2024-12-01 00:01:00+00:00, run_after=2024-12-02 00:01:00+00:00
[2024-12-01T02:24:59.241+0000] {processor.py:183} INFO - Processing /opt/airflow/dags/hello_world.py took 0.381 seconds
[2024-12-01T02:25:29.852+0000] {processor.py:161} INFO - Started process (PID=3791) to work on /opt/airflow/dags/hello_world.py
[2024-12-01T02:25:29.853+0000] {processor.py:830} INFO - Processing file /opt/airflow/dags/hello_world.py for tasks to queue
[2024-12-01T02:25:29.856+0000] {logging_mixin.py:188} INFO - [2024-12-01T02:25:29.855+0000] {dagbag.py:538} INFO - Filling up the DagBag from /opt/airflow/dags/hello_world.py
[2024-12-01T02:25:30.220+0000] {processor.py:840} INFO - DAG(s) 'hello_world' retrieved from /opt/airflow/dags/hello_world.py
[2024-12-01T02:25:30.309+0000] {logging_mixin.py:188} INFO - [2024-12-01T02:25:30.308+0000] {dag.py:3036} INFO - Sync 1 DAGs
[2024-12-01T02:25:30.358+0000] {logging_mixin.py:188} INFO - [2024-12-01T02:25:30.358+0000] {dag.py:3823} INFO - Setting next_dagrun for hello_world to 2024-12-01 00:01:00+00:00, run_after=2024-12-02 00:01:00+00:00
[2024-12-01T02:25:30.460+0000] {processor.py:183} INFO - Processing /opt/airflow/dags/hello_world.py took 0.617 seconds
[2024-12-01T02:26:01.121+0000] {processor.py:161} INFO - Started process (PID=3859) to work on /opt/airflow/dags/hello_world.py
[2024-12-01T02:26:01.123+0000] {processor.py:830} INFO - Processing file /opt/airflow/dags/hello_world.py for tasks to queue
[2024-12-01T02:26:01.124+0000] {logging_mixin.py:188} INFO - [2024-12-01T02:26:01.124+0000] {dagbag.py:538} INFO - Filling up the DagBag from /opt/airflow/dags/hello_world.py
[2024-12-01T02:26:01.260+0000] {processor.py:840} INFO - DAG(s) 'hello_world' retrieved from /opt/airflow/dags/hello_world.py
[2024-12-01T02:26:01.302+0000] {logging_mixin.py:188} INFO - [2024-12-01T02:26:01.299+0000] {dag.py:3036} INFO - Sync 1 DAGs
[2024-12-01T02:26:01.350+0000] {logging_mixin.py:188} INFO - [2024-12-01T02:26:01.349+0000] {dag.py:3823} INFO - Setting next_dagrun for hello_world to 2024-12-01 00:01:00+00:00, run_after=2024-12-02 00:01:00+00:00
[2024-12-01T02:26:01.380+0000] {processor.py:183} INFO - Processing /opt/airflow/dags/hello_world.py took 0.270 seconds
[2024-12-01T02:26:31.704+0000] {processor.py:161} INFO - Started process (PID=3927) to work on /opt/airflow/dags/hello_world.py
[2024-12-01T02:26:31.705+0000] {processor.py:830} INFO - Processing file /opt/airflow/dags/hello_world.py for tasks to queue
[2024-12-01T02:26:31.706+0000] {logging_mixin.py:188} INFO - [2024-12-01T02:26:31.706+0000] {dagbag.py:538} INFO - Filling up the DagBag from /opt/airflow/dags/hello_world.py
[2024-12-01T02:26:31.834+0000] {processor.py:840} INFO - DAG(s) 'hello_world' retrieved from /opt/airflow/dags/hello_world.py
[2024-12-01T02:26:31.869+0000] {logging_mixin.py:188} INFO - [2024-12-01T02:26:31.868+0000] {dag.py:3036} INFO - Sync 1 DAGs
[2024-12-01T02:26:31.917+0000] {logging_mixin.py:188} INFO - [2024-12-01T02:26:31.917+0000] {dag.py:3823} INFO - Setting next_dagrun for hello_world to 2024-12-01 00:01:00+00:00, run_after=2024-12-02 00:01:00+00:00
[2024-12-01T02:26:31.965+0000] {processor.py:183} INFO - Processing /opt/airflow/dags/hello_world.py took 0.267 seconds
[2024-12-01T02:27:02.758+0000] {processor.py:161} INFO - Started process (PID=3994) to work on /opt/airflow/dags/hello_world.py
[2024-12-01T02:27:02.759+0000] {processor.py:830} INFO - Processing file /opt/airflow/dags/hello_world.py for tasks to queue
[2024-12-01T02:27:02.761+0000] {logging_mixin.py:188} INFO - [2024-12-01T02:27:02.761+0000] {dagbag.py:538} INFO - Filling up the DagBag from /opt/airflow/dags/hello_world.py
[2024-12-01T02:27:02.910+0000] {processor.py:840} INFO - DAG(s) 'hello_world' retrieved from /opt/airflow/dags/hello_world.py
[2024-12-01T02:27:03.013+0000] {logging_mixin.py:188} INFO - [2024-12-01T02:27:03.012+0000] {dag.py:3036} INFO - Sync 1 DAGs
[2024-12-01T02:27:03.075+0000] {logging_mixin.py:188} INFO - [2024-12-01T02:27:03.074+0000] {dag.py:3823} INFO - Setting next_dagrun for hello_world to 2024-12-01 00:01:00+00:00, run_after=2024-12-02 00:01:00+00:00
[2024-12-01T02:27:03.120+0000] {processor.py:183} INFO - Processing /opt/airflow/dags/hello_world.py took 0.368 seconds
[2024-12-01T02:27:33.344+0000] {processor.py:161} INFO - Started process (PID=4061) to work on /opt/airflow/dags/hello_world.py
[2024-12-01T02:27:33.346+0000] {processor.py:830} INFO - Processing file /opt/airflow/dags/hello_world.py for tasks to queue
[2024-12-01T02:27:33.347+0000] {logging_mixin.py:188} INFO - [2024-12-01T02:27:33.347+0000] {dagbag.py:538} INFO - Filling up the DagBag from /opt/airflow/dags/hello_world.py
[2024-12-01T02:27:33.561+0000] {processor.py:840} INFO - DAG(s) 'hello_world' retrieved from /opt/airflow/dags/hello_world.py
[2024-12-01T02:27:33.616+0000] {logging_mixin.py:188} INFO - [2024-12-01T02:27:33.616+0000] {dag.py:3036} INFO - Sync 1 DAGs
[2024-12-01T02:27:33.693+0000] {logging_mixin.py:188} INFO - [2024-12-01T02:27:33.693+0000] {dag.py:3823} INFO - Setting next_dagrun for hello_world to 2024-12-01 00:01:00+00:00, run_after=2024-12-02 00:01:00+00:00
[2024-12-01T02:27:33.745+0000] {processor.py:183} INFO - Processing /opt/airflow/dags/hello_world.py took 0.406 seconds
[2024-12-01T02:28:04.490+0000] {processor.py:161} INFO - Started process (PID=4129) to work on /opt/airflow/dags/hello_world.py
[2024-12-01T02:28:04.492+0000] {processor.py:830} INFO - Processing file /opt/airflow/dags/hello_world.py for tasks to queue
[2024-12-01T02:28:04.493+0000] {logging_mixin.py:188} INFO - [2024-12-01T02:28:04.493+0000] {dagbag.py:538} INFO - Filling up the DagBag from /opt/airflow/dags/hello_world.py
[2024-12-01T02:28:04.645+0000] {processor.py:840} INFO - DAG(s) 'hello_world' retrieved from /opt/airflow/dags/hello_world.py
[2024-12-01T02:28:04.683+0000] {logging_mixin.py:188} INFO - [2024-12-01T02:28:04.682+0000] {dag.py:3036} INFO - Sync 1 DAGs
[2024-12-01T02:28:04.734+0000] {logging_mixin.py:188} INFO - [2024-12-01T02:28:04.734+0000] {dag.py:3823} INFO - Setting next_dagrun for hello_world to 2024-12-01 00:01:00+00:00, run_after=2024-12-02 00:01:00+00:00
[2024-12-01T02:28:04.777+0000] {processor.py:183} INFO - Processing /opt/airflow/dags/hello_world.py took 0.292 seconds
[2024-12-01T02:28:34.822+0000] {processor.py:161} INFO - Started process (PID=4198) to work on /opt/airflow/dags/hello_world.py
[2024-12-01T02:28:34.823+0000] {processor.py:830} INFO - Processing file /opt/airflow/dags/hello_world.py for tasks to queue
[2024-12-01T02:28:34.825+0000] {logging_mixin.py:188} INFO - [2024-12-01T02:28:34.824+0000] {dagbag.py:538} INFO - Filling up the DagBag from /opt/airflow/dags/hello_world.py
[2024-12-01T02:28:34.956+0000] {processor.py:840} INFO - DAG(s) 'hello_world' retrieved from /opt/airflow/dags/hello_world.py
[2024-12-01T02:28:35.017+0000] {logging_mixin.py:188} INFO - [2024-12-01T02:28:35.016+0000] {dag.py:3036} INFO - Sync 1 DAGs
[2024-12-01T02:28:35.078+0000] {logging_mixin.py:188} INFO - [2024-12-01T02:28:35.078+0000] {dag.py:3823} INFO - Setting next_dagrun for hello_world to 2024-12-01 00:01:00+00:00, run_after=2024-12-02 00:01:00+00:00
[2024-12-01T02:28:35.123+0000] {processor.py:183} INFO - Processing /opt/airflow/dags/hello_world.py took 0.307 seconds
[2024-12-01T02:29:05.942+0000] {processor.py:161} INFO - Started process (PID=4266) to work on /opt/airflow/dags/hello_world.py
[2024-12-01T02:29:05.944+0000] {processor.py:830} INFO - Processing file /opt/airflow/dags/hello_world.py for tasks to queue
[2024-12-01T02:29:05.947+0000] {logging_mixin.py:188} INFO - [2024-12-01T02:29:05.946+0000] {dagbag.py:538} INFO - Filling up the DagBag from /opt/airflow/dags/hello_world.py
[2024-12-01T02:29:06.092+0000] {processor.py:840} INFO - DAG(s) 'hello_world' retrieved from /opt/airflow/dags/hello_world.py
[2024-12-01T02:29:06.134+0000] {logging_mixin.py:188} INFO - [2024-12-01T02:29:06.134+0000] {dag.py:3036} INFO - Sync 1 DAGs
[2024-12-01T02:29:06.187+0000] {logging_mixin.py:188} INFO - [2024-12-01T02:29:06.186+0000] {dag.py:3823} INFO - Setting next_dagrun for hello_world to 2024-12-01 00:01:00+00:00, run_after=2024-12-02 00:01:00+00:00
[2024-12-01T02:29:06.225+0000] {processor.py:183} INFO - Processing /opt/airflow/dags/hello_world.py took 0.292 seconds
[2024-12-01T02:29:36.550+0000] {processor.py:161} INFO - Started process (PID=4334) to work on /opt/airflow/dags/hello_world.py
[2024-12-01T02:29:36.551+0000] {processor.py:830} INFO - Processing file /opt/airflow/dags/hello_world.py for tasks to queue
[2024-12-01T02:29:36.552+0000] {logging_mixin.py:188} INFO - [2024-12-01T02:29:36.552+0000] {dagbag.py:538} INFO - Filling up the DagBag from /opt/airflow/dags/hello_world.py
[2024-12-01T02:29:36.656+0000] {processor.py:840} INFO - DAG(s) 'hello_world' retrieved from /opt/airflow/dags/hello_world.py
[2024-12-01T02:29:36.709+0000] {logging_mixin.py:188} INFO - [2024-12-01T02:29:36.709+0000] {dag.py:3036} INFO - Sync 1 DAGs
[2024-12-01T02:29:36.763+0000] {logging_mixin.py:188} INFO - [2024-12-01T02:29:36.762+0000] {dag.py:3823} INFO - Setting next_dagrun for hello_world to 2024-12-01 00:01:00+00:00, run_after=2024-12-02 00:01:00+00:00
[2024-12-01T02:29:36.803+0000] {processor.py:183} INFO - Processing /opt/airflow/dags/hello_world.py took 0.258 seconds
[2024-12-01T02:30:07.043+0000] {processor.py:161} INFO - Started process (PID=4402) to work on /opt/airflow/dags/hello_world.py
[2024-12-01T02:30:07.045+0000] {processor.py:830} INFO - Processing file /opt/airflow/dags/hello_world.py for tasks to queue
[2024-12-01T02:30:07.046+0000] {logging_mixin.py:188} INFO - [2024-12-01T02:30:07.045+0000] {dagbag.py:538} INFO - Filling up the DagBag from /opt/airflow/dags/hello_world.py
[2024-12-01T02:30:07.135+0000] {processor.py:840} INFO - DAG(s) 'hello_world' retrieved from /opt/airflow/dags/hello_world.py
[2024-12-01T02:30:07.159+0000] {logging_mixin.py:188} INFO - [2024-12-01T02:30:07.158+0000] {dag.py:3036} INFO - Sync 1 DAGs
[2024-12-01T02:30:07.192+0000] {logging_mixin.py:188} INFO - [2024-12-01T02:30:07.192+0000] {dag.py:3823} INFO - Setting next_dagrun for hello_world to 2024-12-01 00:01:00+00:00, run_after=2024-12-02 00:01:00+00:00
[2024-12-01T02:30:07.220+0000] {processor.py:183} INFO - Processing /opt/airflow/dags/hello_world.py took 0.181 seconds
[2024-12-01T02:30:38.109+0000] {processor.py:161} INFO - Started process (PID=4470) to work on /opt/airflow/dags/hello_world.py
[2024-12-01T02:30:38.111+0000] {processor.py:830} INFO - Processing file /opt/airflow/dags/hello_world.py for tasks to queue
[2024-12-01T02:30:38.112+0000] {logging_mixin.py:188} INFO - [2024-12-01T02:30:38.111+0000] {dagbag.py:538} INFO - Filling up the DagBag from /opt/airflow/dags/hello_world.py
[2024-12-01T02:30:38.221+0000] {processor.py:840} INFO - DAG(s) 'hello_world' retrieved from /opt/airflow/dags/hello_world.py
[2024-12-01T02:30:38.268+0000] {logging_mixin.py:188} INFO - [2024-12-01T02:30:38.267+0000] {dag.py:3036} INFO - Sync 1 DAGs
[2024-12-01T02:30:38.312+0000] {logging_mixin.py:188} INFO - [2024-12-01T02:30:38.312+0000] {dag.py:3823} INFO - Setting next_dagrun for hello_world to 2024-12-01 00:01:00+00:00, run_after=2024-12-02 00:01:00+00:00
[2024-12-01T02:30:38.343+0000] {processor.py:183} INFO - Processing /opt/airflow/dags/hello_world.py took 0.239 seconds
[2024-12-01T02:31:08.973+0000] {processor.py:161} INFO - Started process (PID=4538) to work on /opt/airflow/dags/hello_world.py
[2024-12-01T02:31:08.974+0000] {processor.py:830} INFO - Processing file /opt/airflow/dags/hello_world.py for tasks to queue
[2024-12-01T02:31:08.976+0000] {logging_mixin.py:188} INFO - [2024-12-01T02:31:08.975+0000] {dagbag.py:538} INFO - Filling up the DagBag from /opt/airflow/dags/hello_world.py
[2024-12-01T02:31:09.123+0000] {processor.py:840} INFO - DAG(s) 'hello_world' retrieved from /opt/airflow/dags/hello_world.py
[2024-12-01T02:31:09.157+0000] {logging_mixin.py:188} INFO - [2024-12-01T02:31:09.156+0000] {dag.py:3036} INFO - Sync 1 DAGs
[2024-12-01T02:31:09.207+0000] {logging_mixin.py:188} INFO - [2024-12-01T02:31:09.206+0000] {dag.py:3823} INFO - Setting next_dagrun for hello_world to 2024-12-01 00:01:00+00:00, run_after=2024-12-02 00:01:00+00:00
[2024-12-01T02:31:09.257+0000] {processor.py:183} INFO - Processing /opt/airflow/dags/hello_world.py took 0.290 seconds
[2024-12-01T02:31:39.443+0000] {processor.py:161} INFO - Started process (PID=4606) to work on /opt/airflow/dags/hello_world.py
[2024-12-01T02:31:39.445+0000] {processor.py:830} INFO - Processing file /opt/airflow/dags/hello_world.py for tasks to queue
[2024-12-01T02:31:39.446+0000] {logging_mixin.py:188} INFO - [2024-12-01T02:31:39.446+0000] {dagbag.py:538} INFO - Filling up the DagBag from /opt/airflow/dags/hello_world.py
[2024-12-01T02:31:39.540+0000] {processor.py:840} INFO - DAG(s) 'hello_world' retrieved from /opt/airflow/dags/hello_world.py
[2024-12-01T02:31:39.565+0000] {logging_mixin.py:188} INFO - [2024-12-01T02:31:39.565+0000] {dag.py:3036} INFO - Sync 1 DAGs
[2024-12-01T02:31:39.599+0000] {logging_mixin.py:188} INFO - [2024-12-01T02:31:39.599+0000] {dag.py:3823} INFO - Setting next_dagrun for hello_world to 2024-12-01 00:01:00+00:00, run_after=2024-12-02 00:01:00+00:00
[2024-12-01T02:31:39.627+0000] {processor.py:183} INFO - Processing /opt/airflow/dags/hello_world.py took 0.189 seconds
[2024-12-01T02:32:09.830+0000] {processor.py:161} INFO - Started process (PID=4675) to work on /opt/airflow/dags/hello_world.py
[2024-12-01T02:32:09.831+0000] {processor.py:830} INFO - Processing file /opt/airflow/dags/hello_world.py for tasks to queue
[2024-12-01T02:32:09.833+0000] {logging_mixin.py:188} INFO - [2024-12-01T02:32:09.832+0000] {dagbag.py:538} INFO - Filling up the DagBag from /opt/airflow/dags/hello_world.py
[2024-12-01T02:32:09.948+0000] {processor.py:840} INFO - DAG(s) 'hello_world' retrieved from /opt/airflow/dags/hello_world.py
[2024-12-01T02:32:09.971+0000] {logging_mixin.py:188} INFO - [2024-12-01T02:32:09.971+0000] {dag.py:3036} INFO - Sync 1 DAGs
[2024-12-01T02:32:10.010+0000] {logging_mixin.py:188} INFO - [2024-12-01T02:32:10.009+0000] {dag.py:3823} INFO - Setting next_dagrun for hello_world to 2024-12-01 00:01:00+00:00, run_after=2024-12-02 00:01:00+00:00
[2024-12-01T02:32:10.043+0000] {processor.py:183} INFO - Processing /opt/airflow/dags/hello_world.py took 0.218 seconds
[2024-12-01T02:32:40.934+0000] {processor.py:161} INFO - Started process (PID=4743) to work on /opt/airflow/dags/hello_world.py
[2024-12-01T02:32:40.936+0000] {processor.py:830} INFO - Processing file /opt/airflow/dags/hello_world.py for tasks to queue
[2024-12-01T02:32:40.937+0000] {logging_mixin.py:188} INFO - [2024-12-01T02:32:40.936+0000] {dagbag.py:538} INFO - Filling up the DagBag from /opt/airflow/dags/hello_world.py
[2024-12-01T02:32:41.028+0000] {processor.py:840} INFO - DAG(s) 'hello_world' retrieved from /opt/airflow/dags/hello_world.py
[2024-12-01T02:32:41.059+0000] {logging_mixin.py:188} INFO - [2024-12-01T02:32:41.059+0000] {dag.py:3036} INFO - Sync 1 DAGs
[2024-12-01T02:32:41.107+0000] {logging_mixin.py:188} INFO - [2024-12-01T02:32:41.107+0000] {dag.py:3823} INFO - Setting next_dagrun for hello_world to 2024-12-01 00:01:00+00:00, run_after=2024-12-02 00:01:00+00:00
[2024-12-01T02:32:41.145+0000] {processor.py:183} INFO - Processing /opt/airflow/dags/hello_world.py took 0.216 seconds
[2024-12-01T02:33:11.292+0000] {processor.py:161} INFO - Started process (PID=4819) to work on /opt/airflow/dags/hello_world.py
[2024-12-01T02:33:11.293+0000] {processor.py:830} INFO - Processing file /opt/airflow/dags/hello_world.py for tasks to queue
[2024-12-01T02:33:11.294+0000] {logging_mixin.py:188} INFO - [2024-12-01T02:33:11.294+0000] {dagbag.py:538} INFO - Filling up the DagBag from /opt/airflow/dags/hello_world.py
[2024-12-01T02:33:11.428+0000] {processor.py:840} INFO - DAG(s) 'hello_world' retrieved from /opt/airflow/dags/hello_world.py
[2024-12-01T02:33:11.455+0000] {logging_mixin.py:188} INFO - [2024-12-01T02:33:11.455+0000] {dag.py:3036} INFO - Sync 1 DAGs
[2024-12-01T02:33:11.505+0000] {logging_mixin.py:188} INFO - [2024-12-01T02:33:11.504+0000] {dag.py:3823} INFO - Setting next_dagrun for hello_world to 2024-12-01 00:01:00+00:00, run_after=2024-12-02 00:01:00+00:00
[2024-12-01T02:33:11.541+0000] {processor.py:183} INFO - Processing /opt/airflow/dags/hello_world.py took 0.253 seconds
[2024-12-01T02:33:42.347+0000] {processor.py:161} INFO - Started process (PID=4887) to work on /opt/airflow/dags/hello_world.py
[2024-12-01T02:33:42.351+0000] {processor.py:830} INFO - Processing file /opt/airflow/dags/hello_world.py for tasks to queue
[2024-12-01T02:33:42.353+0000] {logging_mixin.py:188} INFO - [2024-12-01T02:33:42.352+0000] {dagbag.py:538} INFO - Filling up the DagBag from /opt/airflow/dags/hello_world.py
[2024-12-01T02:33:42.472+0000] {processor.py:840} INFO - DAG(s) 'hello_world' retrieved from /opt/airflow/dags/hello_world.py
[2024-12-01T02:33:42.495+0000] {logging_mixin.py:188} INFO - [2024-12-01T02:33:42.494+0000] {dag.py:3036} INFO - Sync 1 DAGs
[2024-12-01T02:33:42.535+0000] {logging_mixin.py:188} INFO - [2024-12-01T02:33:42.535+0000] {dag.py:3823} INFO - Setting next_dagrun for hello_world to 2024-12-01 00:01:00+00:00, run_after=2024-12-02 00:01:00+00:00
[2024-12-01T02:33:42.575+0000] {processor.py:183} INFO - Processing /opt/airflow/dags/hello_world.py took 0.234 seconds
[2024-12-01T02:34:13.340+0000] {processor.py:161} INFO - Started process (PID=4955) to work on /opt/airflow/dags/hello_world.py
[2024-12-01T02:34:13.341+0000] {processor.py:830} INFO - Processing file /opt/airflow/dags/hello_world.py for tasks to queue
[2024-12-01T02:34:13.342+0000] {logging_mixin.py:188} INFO - [2024-12-01T02:34:13.341+0000] {dagbag.py:538} INFO - Filling up the DagBag from /opt/airflow/dags/hello_world.py
[2024-12-01T02:34:13.459+0000] {processor.py:840} INFO - DAG(s) 'hello_world' retrieved from /opt/airflow/dags/hello_world.py
[2024-12-01T02:34:13.495+0000] {logging_mixin.py:188} INFO - [2024-12-01T02:34:13.495+0000] {dag.py:3036} INFO - Sync 1 DAGs
[2024-12-01T02:34:13.537+0000] {logging_mixin.py:188} INFO - [2024-12-01T02:34:13.536+0000] {dag.py:3823} INFO - Setting next_dagrun for hello_world to 2024-12-01 00:01:00+00:00, run_after=2024-12-02 00:01:00+00:00
[2024-12-01T02:34:13.565+0000] {processor.py:183} INFO - Processing /opt/airflow/dags/hello_world.py took 0.236 seconds
[2024-12-01T02:34:43.856+0000] {processor.py:161} INFO - Started process (PID=5025) to work on /opt/airflow/dags/hello_world.py
[2024-12-01T02:34:43.859+0000] {processor.py:830} INFO - Processing file /opt/airflow/dags/hello_world.py for tasks to queue
[2024-12-01T02:34:43.860+0000] {logging_mixin.py:188} INFO - [2024-12-01T02:34:43.860+0000] {dagbag.py:538} INFO - Filling up the DagBag from /opt/airflow/dags/hello_world.py
[2024-12-01T02:34:43.988+0000] {processor.py:840} INFO - DAG(s) 'hello_world' retrieved from /opt/airflow/dags/hello_world.py
[2024-12-01T02:34:44.020+0000] {logging_mixin.py:188} INFO - [2024-12-01T02:34:44.020+0000] {dag.py:3036} INFO - Sync 1 DAGs
[2024-12-01T02:34:44.084+0000] {logging_mixin.py:188} INFO - [2024-12-01T02:34:44.084+0000] {dag.py:3823} INFO - Setting next_dagrun for hello_world to 2024-12-01 00:01:00+00:00, run_after=2024-12-02 00:01:00+00:00
[2024-12-01T02:34:44.118+0000] {processor.py:183} INFO - Processing /opt/airflow/dags/hello_world.py took 0.268 seconds
[2024-12-01T02:35:14.558+0000] {processor.py:161} INFO - Started process (PID=5092) to work on /opt/airflow/dags/hello_world.py
[2024-12-01T02:35:14.559+0000] {processor.py:830} INFO - Processing file /opt/airflow/dags/hello_world.py for tasks to queue
[2024-12-01T02:35:14.560+0000] {logging_mixin.py:188} INFO - [2024-12-01T02:35:14.560+0000] {dagbag.py:538} INFO - Filling up the DagBag from /opt/airflow/dags/hello_world.py
[2024-12-01T02:35:14.649+0000] {processor.py:840} INFO - DAG(s) 'hello_world' retrieved from /opt/airflow/dags/hello_world.py
[2024-12-01T02:35:14.673+0000] {logging_mixin.py:188} INFO - [2024-12-01T02:35:14.672+0000] {dag.py:3036} INFO - Sync 1 DAGs
[2024-12-01T02:35:14.704+0000] {logging_mixin.py:188} INFO - [2024-12-01T02:35:14.703+0000] {dag.py:3823} INFO - Setting next_dagrun for hello_world to 2024-12-01 00:01:00+00:00, run_after=2024-12-02 00:01:00+00:00
[2024-12-01T02:35:14.732+0000] {processor.py:183} INFO - Processing /opt/airflow/dags/hello_world.py took 0.178 seconds
[2024-12-01T02:35:45.295+0000] {processor.py:161} INFO - Started process (PID=5160) to work on /opt/airflow/dags/hello_world.py
[2024-12-01T02:35:45.296+0000] {processor.py:830} INFO - Processing file /opt/airflow/dags/hello_world.py for tasks to queue
[2024-12-01T02:35:45.297+0000] {logging_mixin.py:188} INFO - [2024-12-01T02:35:45.297+0000] {dagbag.py:538} INFO - Filling up the DagBag from /opt/airflow/dags/hello_world.py
[2024-12-01T02:35:45.385+0000] {processor.py:840} INFO - DAG(s) 'hello_world' retrieved from /opt/airflow/dags/hello_world.py
[2024-12-01T02:35:45.409+0000] {logging_mixin.py:188} INFO - [2024-12-01T02:35:45.409+0000] {dag.py:3036} INFO - Sync 1 DAGs
[2024-12-01T02:35:45.445+0000] {logging_mixin.py:188} INFO - [2024-12-01T02:35:45.445+0000] {dag.py:3823} INFO - Setting next_dagrun for hello_world to 2024-12-01 00:01:00+00:00, run_after=2024-12-02 00:01:00+00:00
[2024-12-01T02:35:45.473+0000] {processor.py:183} INFO - Processing /opt/airflow/dags/hello_world.py took 0.182 seconds
[2024-12-01T02:36:16.084+0000] {processor.py:161} INFO - Started process (PID=5228) to work on /opt/airflow/dags/hello_world.py
[2024-12-01T02:36:16.085+0000] {processor.py:830} INFO - Processing file /opt/airflow/dags/hello_world.py for tasks to queue
[2024-12-01T02:36:16.087+0000] {logging_mixin.py:188} INFO - [2024-12-01T02:36:16.086+0000] {dagbag.py:538} INFO - Filling up the DagBag from /opt/airflow/dags/hello_world.py
[2024-12-01T02:36:16.207+0000] {processor.py:840} INFO - DAG(s) 'hello_world' retrieved from /opt/airflow/dags/hello_world.py
[2024-12-01T02:36:16.288+0000] {logging_mixin.py:188} INFO - [2024-12-01T02:36:16.288+0000] {dag.py:3036} INFO - Sync 1 DAGs
[2024-12-01T02:36:16.341+0000] {logging_mixin.py:188} INFO - [2024-12-01T02:36:16.340+0000] {dag.py:3823} INFO - Setting next_dagrun for hello_world to 2024-12-01 00:01:00+00:00, run_after=2024-12-02 00:01:00+00:00
[2024-12-01T02:36:16.375+0000] {processor.py:183} INFO - Processing /opt/airflow/dags/hello_world.py took 0.296 seconds
[2024-12-01T02:36:46.687+0000] {processor.py:161} INFO - Started process (PID=5302) to work on /opt/airflow/dags/hello_world.py
[2024-12-01T02:36:46.688+0000] {processor.py:830} INFO - Processing file /opt/airflow/dags/hello_world.py for tasks to queue
[2024-12-01T02:36:46.689+0000] {logging_mixin.py:188} INFO - [2024-12-01T02:36:46.689+0000] {dagbag.py:538} INFO - Filling up the DagBag from /opt/airflow/dags/hello_world.py
[2024-12-01T02:36:46.906+0000] {processor.py:840} INFO - DAG(s) 'hello_world' retrieved from /opt/airflow/dags/hello_world.py
[2024-12-01T02:36:46.948+0000] {logging_mixin.py:188} INFO - [2024-12-01T02:36:46.948+0000] {dag.py:3036} INFO - Sync 1 DAGs
[2024-12-01T02:36:47.006+0000] {logging_mixin.py:188} INFO - [2024-12-01T02:36:47.006+0000] {dag.py:3823} INFO - Setting next_dagrun for hello_world to 2024-12-01 00:01:00+00:00, run_after=2024-12-02 00:01:00+00:00
[2024-12-01T02:36:47.057+0000] {processor.py:183} INFO - Processing /opt/airflow/dags/hello_world.py took 0.376 seconds
[2024-12-01T02:37:17.604+0000] {processor.py:161} INFO - Started process (PID=5374) to work on /opt/airflow/dags/hello_world.py
[2024-12-01T02:37:17.609+0000] {processor.py:830} INFO - Processing file /opt/airflow/dags/hello_world.py for tasks to queue
[2024-12-01T02:37:17.611+0000] {logging_mixin.py:188} INFO - [2024-12-01T02:37:17.610+0000] {dagbag.py:538} INFO - Filling up the DagBag from /opt/airflow/dags/hello_world.py
[2024-12-01T02:37:17.721+0000] {processor.py:840} INFO - DAG(s) 'hello_world' retrieved from /opt/airflow/dags/hello_world.py
[2024-12-01T02:37:17.745+0000] {logging_mixin.py:188} INFO - [2024-12-01T02:37:17.745+0000] {dag.py:3036} INFO - Sync 1 DAGs
[2024-12-01T02:37:17.781+0000] {logging_mixin.py:188} INFO - [2024-12-01T02:37:17.781+0000] {dag.py:3823} INFO - Setting next_dagrun for hello_world to 2024-12-01 00:01:00+00:00, run_after=2024-12-02 00:01:00+00:00
[2024-12-01T02:37:17.811+0000] {processor.py:183} INFO - Processing /opt/airflow/dags/hello_world.py took 0.216 seconds
[2024-12-01T02:37:48.716+0000] {processor.py:161} INFO - Started process (PID=5452) to work on /opt/airflow/dags/hello_world.py
[2024-12-01T02:37:48.717+0000] {processor.py:830} INFO - Processing file /opt/airflow/dags/hello_world.py for tasks to queue
[2024-12-01T02:37:48.718+0000] {logging_mixin.py:188} INFO - [2024-12-01T02:37:48.717+0000] {dagbag.py:538} INFO - Filling up the DagBag from /opt/airflow/dags/hello_world.py
[2024-12-01T02:37:48.840+0000] {processor.py:840} INFO - DAG(s) 'hello_world' retrieved from /opt/airflow/dags/hello_world.py
[2024-12-01T02:37:48.873+0000] {logging_mixin.py:188} INFO - [2024-12-01T02:37:48.872+0000] {dag.py:3036} INFO - Sync 1 DAGs
[2024-12-01T02:37:48.918+0000] {logging_mixin.py:188} INFO - [2024-12-01T02:37:48.917+0000] {dag.py:3823} INFO - Setting next_dagrun for hello_world to 2024-12-01 00:01:00+00:00, run_after=2024-12-02 00:01:00+00:00
[2024-12-01T02:37:48.954+0000] {processor.py:183} INFO - Processing /opt/airflow/dags/hello_world.py took 0.247 seconds
[2024-12-01T02:38:19.430+0000] {processor.py:161} INFO - Started process (PID=5520) to work on /opt/airflow/dags/hello_world.py
[2024-12-01T02:38:19.432+0000] {processor.py:830} INFO - Processing file /opt/airflow/dags/hello_world.py for tasks to queue
[2024-12-01T02:38:19.433+0000] {logging_mixin.py:188} INFO - [2024-12-01T02:38:19.433+0000] {dagbag.py:538} INFO - Filling up the DagBag from /opt/airflow/dags/hello_world.py
[2024-12-01T02:38:19.567+0000] {processor.py:840} INFO - DAG(s) 'hello_world' retrieved from /opt/airflow/dags/hello_world.py
[2024-12-01T02:38:19.611+0000] {logging_mixin.py:188} INFO - [2024-12-01T02:38:19.610+0000] {dag.py:3036} INFO - Sync 1 DAGs
[2024-12-01T02:38:19.656+0000] {logging_mixin.py:188} INFO - [2024-12-01T02:38:19.656+0000] {dag.py:3823} INFO - Setting next_dagrun for hello_world to 2024-12-01 00:01:00+00:00, run_after=2024-12-02 00:01:00+00:00
[2024-12-01T02:38:19.688+0000] {processor.py:183} INFO - Processing /opt/airflow/dags/hello_world.py took 0.281 seconds
[2024-12-01T02:38:50.352+0000] {processor.py:161} INFO - Started process (PID=5588) to work on /opt/airflow/dags/hello_world.py
[2024-12-01T02:38:50.354+0000] {processor.py:830} INFO - Processing file /opt/airflow/dags/hello_world.py for tasks to queue
[2024-12-01T02:38:50.355+0000] {logging_mixin.py:188} INFO - [2024-12-01T02:38:50.354+0000] {dagbag.py:538} INFO - Filling up the DagBag from /opt/airflow/dags/hello_world.py
[2024-12-01T02:38:50.488+0000] {processor.py:840} INFO - DAG(s) 'hello_world' retrieved from /opt/airflow/dags/hello_world.py
[2024-12-01T02:38:50.519+0000] {logging_mixin.py:188} INFO - [2024-12-01T02:38:50.519+0000] {dag.py:3036} INFO - Sync 1 DAGs
[2024-12-01T02:38:50.562+0000] {logging_mixin.py:188} INFO - [2024-12-01T02:38:50.562+0000] {dag.py:3823} INFO - Setting next_dagrun for hello_world to 2024-12-01 00:01:00+00:00, run_after=2024-12-02 00:01:00+00:00
[2024-12-01T02:38:50.600+0000] {processor.py:183} INFO - Processing /opt/airflow/dags/hello_world.py took 0.252 seconds
[2024-12-01T02:39:20.726+0000] {processor.py:161} INFO - Started process (PID=5656) to work on /opt/airflow/dags/hello_world.py
[2024-12-01T02:39:20.728+0000] {processor.py:830} INFO - Processing file /opt/airflow/dags/hello_world.py for tasks to queue
[2024-12-01T02:39:20.734+0000] {logging_mixin.py:188} INFO - [2024-12-01T02:39:20.729+0000] {dagbag.py:538} INFO - Filling up the DagBag from /opt/airflow/dags/hello_world.py
[2024-12-01T02:39:20.857+0000] {processor.py:840} INFO - DAG(s) 'hello_world' retrieved from /opt/airflow/dags/hello_world.py
[2024-12-01T02:39:20.885+0000] {logging_mixin.py:188} INFO - [2024-12-01T02:39:20.885+0000] {dag.py:3036} INFO - Sync 1 DAGs
[2024-12-01T02:39:20.927+0000] {logging_mixin.py:188} INFO - [2024-12-01T02:39:20.927+0000] {dag.py:3823} INFO - Setting next_dagrun for hello_world to 2024-12-01 00:01:00+00:00, run_after=2024-12-02 00:01:00+00:00
[2024-12-01T02:39:20.962+0000] {processor.py:183} INFO - Processing /opt/airflow/dags/hello_world.py took 0.249 seconds
